Copyright 1986-2017 Xilinx, Inc. All Rights Reserved.
------------------------------------------------------------------------------------------------
| Tool Version : Vivado v.2017.4 (win64) Build 2139404 Wed Feb 21 18:47:47 MST 2018
| Date         : Fri Mar  2 13:27:49 2018
| Host         : XBEDEFOSSEZ31 running 64-bit major release  (build 9200)
| Command      : report_clock_utilization -file top5x2_7to1_ddr_rx_clock_utilization_routed.rpt
| Design       : top5x2_7to1_ddr_rx
| Device       : 7k325t-ffg900
| Speed File   : -2  PRODUCTION 1.12 2017-02-17
------------------------------------------------------------------------------------------------

Clock Utilization Report

Table of Contents
-----------------
1. Clock Primitive Utilization
2. Global Clock Resources
3. Global Clock Source Details
4. Local Clock Details
5. Clock Regions: Key Resource Utilization
6. Clock Regions : Global Clock Summary
7. Device Cell Placement Summary for Global Clock g0
8. Device Cell Placement Summary for Global Clock g1
9. Device Cell Placement Summary for Global Clock g2
10. Device Cell Placement Summary for Global Clock g3
11. Clock Region Cell Placement per Global Clock: Region X1Y0
12. Clock Region Cell Placement per Global Clock: Region X0Y1

1. Clock Primitive Utilization
------------------------------

+----------+------+-----------+-----+--------------+--------+
| Type     | Used | Available | LOC | Clock Region | Pblock |
+----------+------+-----------+-----+--------------+--------+
| BUFGCTRL |    4 |        32 |   0 |            0 |      0 |
| BUFH     |    0 |       168 |   0 |            0 |      0 |
| BUFIO    |    0 |        40 |   0 |            0 |      0 |
| BUFMR    |    0 |        20 |   0 |            0 |      0 |
| BUFR     |    0 |        40 |   0 |            0 |      0 |
| MMCM     |    1 |        10 |   0 |            0 |      0 |
| PLL      |    0 |        10 |   0 |            0 |      0 |
+----------+------+-----------+-----+--------------+--------+


2. Global Clock Resources
-------------------------

+-----------+-----------+-----------------+------------+---------------+--------------+-------------------+-------------+-----------------+--------------+--------------+------------------------------------+-------------------+
| Global Id | Source Id | Driver Type/Pin | Constraint | Site          | Clock Region | Load Clock Region | Clock Loads | Non-Clock Loads | Clock Period | Clock        | Driver Pin                         | Net               |
+-----------+-----------+-----------------+------------+---------------+--------------+-------------------+-------------+-----------------+--------------+--------------+------------------------------------+-------------------+
| g0        | src0      | BUFG/O          | None       | BUFGCTRL_X0Y0 | n/a          |                 1 |         856 |               0 |        3.333 | rxpllmmcm_d4 | rx0/rx0/loop8.loop7.bufg_mmcm_d4/O | rx0/rx0/rxclk_d4  |
| g1        | src0      | BUFG/O          | None       | BUFGCTRL_X0Y3 | n/a          |                 2 |         242 |               0 |        5.833 | rxpllmmcm_x1 | rx0/rx0/loop8.loop6.bufg_mmcm_x1/O | rx0/rx0/pixel_clk |
| g2        | src0      | BUFG/O          | None       | BUFGCTRL_X0Y1 | n/a          |                 1 |          44 |               0 |        1.667 | rxpllmmcm_xs | rx0/rx0/loop8.loop9.bufg_mmcm_xn/O | rx0/rx0/rxclk     |
| g3        | src1      | BUFG/O          | None       | BUFGCTRL_X0Y2 | n/a          |                 1 |           1 |               0 |              |              | bufg_200_ref/O                     | refclkintbufg     |
+-----------+-----------+-----------------+------------+---------------+--------------+-------------------+-------------+-----------------+--------------+--------------+------------------------------------+-------------------+
* Clock Loads column represents the clock pin loads (pin count)
** Non-Clock Loads column represents the non-clock pin loads (pin count)


3. Global Clock Source Details
------------------------------

+-----------+-----------+---------------------+------------+-----------------+--------------+-------------+-----------------+---------------------+--------------+-----------------------------------------+----------------------+
| Source Id | Global Id | Driver Type/Pin     | Constraint | Site            | Clock Region | Clock Loads | Non-Clock Loads | Source Clock Period | Source Clock | Driver Pin                              | Net                  |
+-----------+-----------+---------------------+------------+-----------------+--------------+-------------+-----------------+---------------------+--------------+-----------------------------------------+----------------------+
| src0      | g0        | MMCME2_ADV/CLKOUT1  | None       | MMCME2_ADV_X1Y0 | X1Y0         |           1 |               0 |               3.333 | rxpllmmcm_d4 | rx0/rx0/loop8.rx_mmcm_adv_inst/CLKOUT1  | rx0/rx0/rxpllmmcm_d4 |
| src0      | g1        | MMCME2_ADV/CLKFBOUT | None       | MMCME2_ADV_X1Y0 | X1Y0         |           1 |               0 |               5.833 | rxpllmmcm_x1 | rx0/rx0/loop8.rx_mmcm_adv_inst/CLKFBOUT | rx0/rx0/rxpllmmcm_x1 |
| src0      | g2        | MMCME2_ADV/CLKOUT0  | None       | MMCME2_ADV_X1Y0 | X1Y0         |           1 |               0 |               1.667 | rxpllmmcm_xs | rx0/rx0/loop8.rx_mmcm_adv_inst/CLKOUT0  | rx0/rx0/rxpllmmcm_xs |
| src1      | g3        | IBUF/O              | IOB_X0Y28  | IOB_X0Y28       | X0Y0         |           1 |               0 |                     |              | iob_200m_in/O                           | refclkint            |
+-----------+-----------+---------------------+------------+-----------------+--------------+-------------+-----------------+---------------------+--------------+-----------------------------------------+----------------------+
* Clock Loads column represents the clock pin loads (pin count)
** Non-Clock Loads column represents the non-clock pin loads (pin count)


4. Local Clock Details
----------------------

+----------+------------------+--------------+-----------------------+--------------+-------------+-----------------+--------------+----------+---------------------------+----------------------+
| Local Id | Driver Type/Pin  | Constraint   | Site/BEL              | Clock Region | Clock Loads | Non-Clock Loads | Clock Period | Clock    | Driver Pin                | Net                  |
+----------+------------------+--------------+-----------------------+--------------+-------------+-----------------+--------------+----------+---------------------------+----------------------||
| 0        | IDELAYE2/DATAOUT | IDELAY_X0Y76 | IDELAY_X0Y76/IDELAYE2 | X0Y1         |           1 |               0 |        5.833 | clkin1_p | rx0/rx0/idelay_cm/DATAOUT | rx0/rx0/rx_clkin_p_d - Static -
+----------+------------------+--------------+-----------------------+--------------+-------------+-----------------+--------------+----------+---------------------------+----------------------||
* Local Clocks in this context represents only clocks driven by non-global buffers
** Clock Loads column represents the clock pin loads (pin count)
*** Non-Clock Loads column represents the non-clock pin loads (pin count)


5. Clock Regions: Key Resource Utilization
------------------------------------------

+-------------------+--------------+--------------+--------------+--------------+--------------+--------------+--------------+--------------+--------------+--------------+--------------+--------------+--------------+--------------+--------------+
|                   | Global Clock |     BUFRs    |    BUFMRs    |    BUFIOs    |     MMCM     |      PLL     |      GT      |      PCI     |    ILOGIC    |    OLOGIC    |      FF      |     LUTM     |    RAMB18    |    RAMB36    |    DSP48E2   |
+-------------------+------+-------+------+-------+------+-------+------+-------+------+-------+------+-------+------+-------+------+-------+------+-------+------+-------+------+-------+------+-------+------+-------+------+-------+------+-------+
| Clock Region Name | Used | Avail | Used | Avail | Used | Avail | Used | Avail | Used | Avail | Used | Avail | Used | Avail | Used | Avail | Used | Avail | Used | Avail | Used | Avail | Used | Avail | Used | Avail | Used | Avail | Used | Avail |
+-------------------+------+-------+------+-------+------+-------+------+-------+------+-------+------+-------+------+-------+------+-------+------+-------+------+-------+------+-------+------+-------+------+-------+------+-------+------+-------+
| X0Y0              |    0 |    12 |    0 |     4 |    0 |     2 |    0 |     4 |    0 |     1 |    0 |     1 |    0 |     0 |    0 |     0 |    0 |    50 |    0 |    50 |    0 |  4000 |    0 |  1150 |    0 |    60 |    0 |    30 |    0 |    60 |
| X1Y0              |    1 |    12 |    0 |     4 |    0 |     2 |    0 |     4 |    1 |     1 |    0 |     1 |    0 |     0 |    0 |     0 |    0 |    50 |    0 |    50 |    0 |  3700 |    0 |  1200 |    0 |    80 |    0 |    40 |    0 |    60 |
| X0Y1              |    4 |    12 |    0 |     4 |    0 |     2 |    0 |     4 |    0 |     1 |    0 |     1 |    0 |     0 |    0 |     0 |   22 |    50 |    0 |    50 | 1020 |  4000 |  327 |  1150 |    0 |    60 |    0 |    30 |    0 |    60 |
| X1Y1              |    0 |    12 |    0 |     4 |    0 |     2 |    0 |     4 |    0 |     1 |    0 |     1 |    0 |     0 |    0 |     0 |    0 |    50 |    0 |    50 |    0 |  3700 |    0 |  1200 |    0 |    80 |    0 |    40 |    0 |    60 |
| X0Y2              |    0 |    12 |    0 |     4 |    0 |     2 |    0 |     4 |    0 |     1 |    0 |     1 |    0 |     0 |    0 |     0 |    0 |    50 |    0 |    50 |    0 |  3400 |    0 |  1150 |    0 |    60 |    0 |    30 |    0 |    60 |
| X1Y2              |    0 |    12 |    0 |     4 |    0 |     2 |    0 |     4 |    0 |     1 |    0 |     1 |    0 |     0 |    0 |     0 |    0 |    50 |    0 |    50 |    0 |  3700 |    0 |  1200 |    0 |    80 |    0 |    40 |    0 |    60 |
| X0Y3              |    0 |    12 |    0 |     4 |    0 |     2 |    0 |     4 |    0 |     1 |    0 |     1 |    0 |     0 |    0 |     0 |    0 |    50 |    0 |    50 |    0 |  3400 |    0 |  1150 |    0 |    60 |    0 |    30 |    0 |    60 |
| X1Y3              |    0 |    12 |    0 |     0 |    0 |     0 |    0 |     0 |    0 |     0 |    0 |     0 |    0 |     4 |    0 |     1 |    0 |     0 |    0 |     0 |    0 |  3150 |    0 |  1050 |    0 |    50 |    0 |    25 |    0 |    60 |
| X0Y4              |    0 |    12 |    0 |     4 |    0 |     2 |    0 |     4 |    0 |     1 |    0 |     1 |    0 |     0 |    0 |     0 |    0 |    50 |    0 |    50 |    0 |  4000 |    0 |  1150 |    0 |    60 |    0 |    30 |    0 |    60 |
| X1Y4              |    0 |    12 |    0 |     0 |    0 |     0 |    0 |     0 |    0 |     0 |    0 |     0 |    0 |     4 |    0 |     0 |    0 |     0 |    0 |     0 |    0 |  3300 |    0 |  1100 |    0 |    60 |    0 |    30 |    0 |    60 |
| X0Y5              |    0 |    12 |    0 |     4 |    0 |     2 |    0 |     4 |    0 |     1 |    0 |     1 |    0 |     0 |    0 |     0 |    0 |    50 |    0 |    50 |    0 |  4000 |    0 |  1150 |    0 |    60 |    0 |    30 |    0 |    60 |
| X1Y5              |    0 |    12 |    0 |     0 |    0 |     0 |    0 |     0 |    0 |     0 |    0 |     0 |    0 |     4 |    0 |     0 |    0 |     0 |    0 |     0 |    0 |  3300 |    0 |  1100 |    0 |    60 |    0 |    30 |    0 |    60 |
| X0Y6              |    0 |    12 |    0 |     4 |    0 |     2 |    0 |     4 |    0 |     1 |    0 |     1 |    0 |     0 |    0 |     0 |    0 |    50 |    0 |    50 |    0 |  4000 |    0 |  1150 |    0 |    60 |    0 |    30 |    0 |    60 |
| X1Y6              |    0 |    12 |    0 |     0 |    0 |     0 |    0 |     0 |    0 |     0 |    0 |     0 |    0 |     4 |    0 |     0 |    0 |     0 |    0 |     0 |    0 |  3300 |    0 |  1100 |    0 |    60 |    0 |    30 |    0 |    60 |
+-------------------+------+-------+------+-------+------+-------+------+-------+------+-------+------+-------+------+-------+------+-------+------+-------+------+-------+------+-------+------+-------+------+-------+------+-------+------+-------+
* Global Clock column represents track count; while other columns represents cell counts


6. Clock Regions : Global Clock Summary
---------------------------------------

All Modules
+----+----+----+
|    | X0 | X1 |
+----+----+----+
| Y6 |  0 |  0 |
| Y5 |  0 |  0 |
| Y4 |  0 |  0 |
| Y3 |  0 |  0 |
| Y2 |  0 |  0 |
| Y1 |  4 |  0 |
| Y0 |  0 |  1 |
+----+----+----+


7. Device Cell Placement Summary for Global Clock g0
----------------------------------------------------

+-----------+-----------------+-------------------+--------------+-------------+---------------+-------------+----------+----------------+----------+------------------+
| Global Id | Driver Type/Pin | Driver Region (D) | Clock        | Period (ns) | Waveform (ns) | Slice Loads | IO Loads | Clocking Loads | GT Loads | Net              |
+-----------+-----------------+-------------------+--------------+-------------+---------------+-------------+----------+----------------+----------+------------------+
| g0        | BUFG/O          | n/a               | rxpllmmcm_d4 |       3.333 | {0.104 1.771} |         810 |       22 |              0 |        0 | rx0/rx0/rxclk_d4 |
+-----------+-----------------+-------------------+--------------+-------------+---------------+-------------+----------+----------------+----------+------------------+
* Logic Loads column represents load cell count of all cell types other than IO, GT and clock resources
** IO Loads column represents load cell count of IO types
*** Clocking Loads column represents load cell count that are clock resources (global clock buffer, MMCM, PLL, etc)
**** GT Loads column represents load cell count of GT types


+----+------+----+
|    | X0   | X1 |
+----+------+----+
| Y6 |    0 |  0 |
| Y5 |    0 |  0 |
| Y4 |    0 |  0 |
| Y3 |    0 |  0 |
| Y2 |    0 |  0 |
| Y1 |  832 |  0 |
| Y0 |    0 |  0 |
+----+------+----+


8. Device Cell Placement Summary for Global Clock g1
----------------------------------------------------

+-----------+-----------------+-------------------+--------------+-------------+---------------+-------------+----------+----------------+----------+-------------------+
| Global Id | Driver Type/Pin | Driver Region (D) | Clock        | Period (ns) | Waveform (ns) | Slice Loads | IO Loads | Clocking Loads | GT Loads | Net               |
+-----------+-----------------+-------------------+--------------+-------------+---------------+-------------+----------+----------------+----------+-------------------+
| g1        | BUFG/O          | n/a               | rxpllmmcm_x1 |       5.833 | {0.000 2.916} |         241 |        0 |              1 |        0 | rx0/rx0/pixel_clk |
+-----------+-----------------+-------------------+--------------+-------------+---------------+-------------+----------+----------------+----------+-------------------+
* Logic Loads column represents load cell count of all cell types other than IO, GT and clock resources
** IO Loads column represents load cell count of IO types
*** Clocking Loads column represents load cell count that are clock resources (global clock buffer, MMCM, PLL, etc)
**** GT Loads column represents load cell count of GT types


+----+------+----+
|    | X0   | X1 |
+----+------+----+
| Y6 |    0 |  0 |
| Y5 |    0 |  0 |
| Y4 |    0 |  0 |
| Y3 |    0 |  0 |
| Y2 |    0 |  0 |
| Y1 |  241 |  0 |
| Y0 |    0 |  1 |
+----+------+----+


9. Device Cell Placement Summary for Global Clock g2
----------------------------------------------------

+-----------+-----------------+-------------------+--------------+-------------+---------------+-------------+----------+----------------+----------+---------------+
| Global Id | Driver Type/Pin | Driver Region (D) | Clock        | Period (ns) | Waveform (ns) | Slice Loads | IO Loads | Clocking Loads | GT Loads | Net           |
+-----------+-----------------+-------------------+--------------+-------------+---------------+-------------+----------+----------------+----------+---------------+
| g2        | BUFG/O          | n/a               | rxpllmmcm_xs |       1.667 | {0.000 0.833} |           0 |       22 |              0 |        0 | rx0/rx0/rxclk |
+-----------+-----------------+-------------------+--------------+-------------+---------------+-------------+----------+----------------+----------+---------------+
* Logic Loads column represents load cell count of all cell types other than IO, GT and clock resources
** IO Loads column represents load cell count of IO types
*** Clocking Loads column represents load cell count that are clock resources (global clock buffer, MMCM, PLL, etc)
**** GT Loads column represents load cell count of GT types


+----+-----+----+
|    | X0  | X1 |
+----+-----+----+
| Y6 |   0 |  0 |
| Y5 |   0 |  0 |
| Y4 |   0 |  0 |
| Y3 |   0 |  0 |
| Y2 |   0 |  0 |
| Y1 |  22 |  0 |
| Y0 |   0 |  0 |
+----+-----+----+


10. Device Cell Placement Summary for Global Clock g3
-----------------------------------------------------

+-----------+-----------------+-------------------+-------+-------------+---------------+-------------+----------+----------------+----------+---------------+
| Global Id | Driver Type/Pin | Driver Region (D) | Clock | Period (ns) | Waveform (ns) | Slice Loads | IO Loads | Clocking Loads | GT Loads | Net           |
+-----------+-----------------+-------------------+-------+-------------+---------------+-------------+----------+----------------+----------+---------------+
| g3        | BUFG/O          | n/a               |       |             |               |           1 |        0 |              0 |        0 | refclkintbufg |
+-----------+-----------------+-------------------+-------+-------------+---------------+-------------+----------+----------------+----------+---------------+
* Logic Loads column represents load cell count of all cell types other than IO, GT and clock resources
** IO Loads column represents load cell count of IO types
*** Clocking Loads column represents load cell count that are clock resources (global clock buffer, MMCM, PLL, etc)
**** GT Loads column represents load cell count of GT types


+----+----+----+
|    | X0 | X1 |
+----+----+----+
| Y6 |  0 |  0 |
| Y5 |  0 |  0 |
| Y4 |  0 |  0 |
| Y3 |  0 |  0 |
| Y2 |  0 |  0 |
| Y1 |  1 |  0 |
| Y0 |  0 |  0 |
+----+----+----+


11. Clock Region Cell Placement per Global Clock: Region X1Y0
-------------------------------------------------------------

+-----------+-------+-----------------+------------+-------------+-----------------+----+--------+------+-----+----+------+-----+---------+-------------------+
| Global Id | Track | Driver Type/Pin | Constraint | Clock Loads | Non-Clock Loads | FF | LUTRAM | RAMB | DSP | GT | MMCM | PLL | Hard IP | Net               |
+-----------+-------+-----------------+------------+-------------+-----------------+----+--------+------+-----+----+------+-----+---------+-------------------+
| g1        | n/a   | BUFG/O          | None       |           1 |               0 |  0 |      0 |    0 |   0 |  0 |    1 |   0 |       0 | rx0/rx0/pixel_clk |
+-----------+-------+-----------------+------------+-------------+-----------------+----+--------+------+-----+----+------+-----+---------+-------------------+
* Clock Loads column represents the clock pin loads (pin count)
** Non-Clock Loads column represents the non-clock pin loads (pin count)
*** Columns FF, LUTRAM, RAMB through 'Hard IP' represents load cell counts


12. Clock Region Cell Placement per Global Clock: Region X0Y1
-------------------------------------------------------------

+-----------+-------+-----------------+------------+-------------+-----------------+-----+--------+------+-----+----+------+-----+---------+-------------------+
| Global Id | Track | Driver Type/Pin | Constraint | Clock Loads | Non-Clock Loads | FF  | LUTRAM | RAMB | DSP | GT | MMCM | PLL | Hard IP | Net               |
+-----------+-------+-----------------+------------+-------------+-----------------+-----+--------+------+-----+----+------+-----+---------+-------------------+
| g0        | n/a   | BUFG/O          | None       |         832 |               0 | 779 |      8 |    0 |   0 |  0 |    0 |   0 |       0 | rx0/rx0/rxclk_d4  |
| g1        | n/a   | BUFG/O          | None       |         241 |               0 | 241 |      0 |    0 |   0 |  0 |    0 |   0 |       0 | rx0/rx0/pixel_clk |
| g2        | n/a   | BUFG/O          | None       |          22 |               0 |   0 |      0 |    0 |   0 |  0 |    0 |   0 |       0 | rx0/rx0/rxclk     |
| g3        | n/a   | BUFG/O          | None       |           1 |               0 |   0 |      0 |    0 |   0 |  0 |    0 |   0 |       0 | refclkintbufg     |
+-----------+-------+-----------------+------------+-------------+-----------------+-----+--------+------+-----+----+------+-----+---------+-------------------+
* Clock Loads column represents the clock pin loads (pin count)
** Non-Clock Loads column represents the non-clock pin loads (pin count)
*** Columns FF, LUTRAM, RAMB through 'Hard IP' represents load cell counts



# Location of BUFG Primitives 
set_property LOC BUFGCTRL_X0Y0 [get_cells rx0/rx0/loop8.loop7.bufg_mmcm_d4]
set_property LOC BUFGCTRL_X0Y1 [get_cells rx0/rx0/loop8.loop9.bufg_mmcm_xn]
set_property LOC BUFGCTRL_X0Y3 [get_cells rx0/rx0/loop8.loop6.bufg_mmcm_x1]
set_property LOC BUFGCTRL_X0Y2 [get_cells bufg_200_ref]

# Location of IO Primitives which is load of clock spine

# Location of clock ports
set_property LOC IOB_X0Y28 [get_ports refclkin]

# Clock net "rx0/rx0/rxclk_d4" driven by instance "rx0/rx0/loop8.loop7.bufg_mmcm_d4" located at site "BUFGCTRL_X0Y0"
#startgroup
create_pblock {CLKAG_rx0/rx0/rxclk_d4}
add_cells_to_pblock [get_pblocks  {CLKAG_rx0/rx0/rxclk_d4}] [get_cells -filter { PRIMITIVE_GROUP != I/O && IS_PRIMITIVE==1 && PRIMITIVE_LEVEL !=INTERNAL } -of_object [get_pins -filter {DIRECTION==IN} -of_objects [get_nets -hierarchical -filter {PARENT=="rx0/rx0/rxclk_d4"}]]]
resize_pblock [get_pblocks {CLKAG_rx0/rx0/rxclk_d4}] -add {CLOCKREGION_X0Y1:CLOCKREGION_X0Y1}
#endgroup

# Clock net "rx0/rx0/rxclk" driven by instance "rx0/rx0/loop8.loop9.bufg_mmcm_xn" located at site "BUFGCTRL_X0Y1"
#startgroup
create_pblock {CLKAG_rx0/rx0/rxclk}
add_cells_to_pblock [get_pblocks  {CLKAG_rx0/rx0/rxclk}] [get_cells -filter { PRIMITIVE_GROUP != I/O && IS_PRIMITIVE==1 && PRIMITIVE_LEVEL !=INTERNAL } -of_object [get_pins -filter {DIRECTION==IN} -of_objects [get_nets -hierarchical -filter {PARENT=="rx0/rx0/rxclk"}]]]
resize_pblock [get_pblocks {CLKAG_rx0/rx0/rxclk}] -add {CLOCKREGION_X0Y1:CLOCKREGION_X0Y1}
#endgroup

# Clock net "rx0/rx0/pixel_clk" driven by instance "rx0/rx0/loop8.loop6.bufg_mmcm_x1" located at site "BUFGCTRL_X0Y3"
#startgroup
create_pblock {CLKAG_rx0/rx0/pixel_clk}
add_cells_to_pblock [get_pblocks  {CLKAG_rx0/rx0/pixel_clk}] [get_cells -filter { PRIMITIVE_GROUP != I/O && IS_PRIMITIVE==1 && PRIMITIVE_LEVEL !=INTERNAL && NAME!=rx0/rx0/loop8.rx_mmcm_adv_inst} -of_object [get_pins -filter {DIRECTION==IN} -of_objects [get_nets -hierarchical -filter {PARENT=="rx0/rx0/pixel_clk"}]]]
resize_pblock [get_pblocks {CLKAG_rx0/rx0/pixel_clk}] -add {CLOCKREGION_X0Y1:CLOCKREGION_X0Y1}
#endgroup

# Clock net "refclkintbufg" driven by instance "bufg_200_ref" located at site "BUFGCTRL_X0Y2"
#startgroup
create_pblock {CLKAG_refclkintbufg}
add_cells_to_pblock [get_pblocks  {CLKAG_refclkintbufg}] [get_cells -filter { PRIMITIVE_GROUP != I/O && IS_PRIMITIVE==1 && PRIMITIVE_LEVEL !=INTERNAL } -of_object [get_pins -filter {DIRECTION==IN} -of_objects [get_nets -hierarchical -filter {PARENT=="refclkintbufg"}]]]
resize_pblock [get_pblocks {CLKAG_refclkintbufg}] -add {CLOCKREGION_X0Y1:CLOCKREGION_X0Y1}
#endgroup
