#-----------------------------------------------------------
# Vivado v2017.4 (64-bit)
# SW Build 2139404 on Wed Feb 21 18:47:47 MST 2018
# IP Build 2136750 on Wed Feb 21 20:48:04 MST 2018
# Start of session at: Tue Mar 13 15:28:35 2018
# Process ID: 50028
# Current directory: C:/Projects/A_Series_7/LvdsSourceSync/Xapp585/DdrVhdlVersion/Libraries/Vio_Lib
# Command line: vivado.exe
# Log file: C:/Projects/A_Series_7/LvdsSourceSync/Xapp585/DdrVhdlVersion/Libraries/Vio_Lib/vivado.log
# Journal file: C:/Projects/A_Series_7/LvdsSourceSync/Xapp585/DdrVhdlVersion/Libraries/Vio_Lib\vivado.jou
#-----------------------------------------------------------
start_gui
open_project C:/Projects/A_Series_7/LvdsSourceSync/Xapp585/DdrVhdlVersion/Libraries/Vio_Lib/managed_ip_project/managed_ip_project.xpr
INFO: [ProjectBase 1-489] The host OS only allows 260 characters in a normal path. The project is stored in a path with more than 80 characters. If you experience issues with IP, Block Designs, or files not being found, please consider moving the project to a location with a shorter path. Alternately consider using the OS subst command to map part of the path to a drive letter.
Current project path is 'C:/Projects/A_Series_7/LvdsSourceSync/Xapp585/DdrVhdlVersion/Libraries/Vio_Lib/managed_ip_project'
Scanning sources...
Finished scanning sources
INFO: [IP_Flow 19-234] Refreshing IP repositories
INFO: [IP_Flow 19-1704] No user IP repositories specified
INFO: [IP_Flow 19-2313] Loaded Vivado IP repository 'C:/CaeTools/Xilinx/Vivado/2017.4/data/ip'.
open_project: Time (s): cpu = 00:00:13 ; elapsed = 00:00:07 . Memory (MB): peak = 894.582 ; gain = 149.102
set_property -dict [list CONFIG.C_PROBE_IN16_WIDTH {2} CONFIG.C_PROBE_IN12_WIDTH {7} CONFIG.C_PROBE_IN11_WIDTH {2} CONFIG.C_PROBE_IN10_WIDTH {1} CONFIG.C_PROBE_IN9_WIDTH {5} CONFIG.C_PROBE_IN8_WIDTH {5} CONFIG.C_NUM_PROBE_IN {17}] [get_ips Ctrl_Vio]
generate_target all [get_files  C:/Projects/A_Series_7/LvdsSourceSync/Xapp585/DdrVhdlVersion/Libraries/Vio_Lib/Ctrl_Vio/Ctrl_Vio.xci]
INFO: [IP_Flow 19-1686] Generating 'Instantiation Template' target for IP 'Ctrl_Vio'...
INFO: [IP_Flow 19-1686] Generating 'Synthesis' target for IP 'Ctrl_Vio'...
INFO: [IP_Flow 19-1686] Generating 'Simulation' target for IP 'Ctrl_Vio'...
INFO: [IP_Flow 19-1686] Generating 'Change Log' target for IP 'Ctrl_Vio'...
catch { config_ip_cache -export [get_ips -all Ctrl_Vio] }
export_ip_user_files -of_objects [get_files C:/Projects/A_Series_7/LvdsSourceSync/Xapp585/DdrVhdlVersion/Libraries/Vio_Lib/Ctrl_Vio/Ctrl_Vio.xci] -no_script -sync -force -quiet
reset_run Ctrl_Vio_synth_1
launch_runs -jobs 4 Ctrl_Vio_synth_1
[Tue Mar 13 15:38:13 2018] Launched Ctrl_Vio_synth_1...
Run output will be captured here: C:/Projects/A_Series_7/LvdsSourceSync/Xapp585/DdrVhdlVersion/Libraries/Vio_Lib/managed_ip_project/managed_ip_project.runs/Ctrl_Vio_synth_1/runme.log
INFO: [Vivado 12-4357] Exporting simulation files for 'Ctrl_Vio'... please wait for 'Ctrl_Vio_synth_1' run to finish...
wait_on_run Ctrl_Vio_synth_1
[Tue Mar 13 15:38:13 2018] Waiting for Ctrl_Vio_synth_1 to finish...
[Tue Mar 13 15:38:18 2018] Waiting for Ctrl_Vio_synth_1 to finish...
[Tue Mar 13 15:38:23 2018] Waiting for Ctrl_Vio_synth_1 to finish...
[Tue Mar 13 15:38:28 2018] Waiting for Ctrl_Vio_synth_1 to finish...
[Tue Mar 13 15:38:39 2018] Waiting for Ctrl_Vio_synth_1 to finish...
[Tue Mar 13 15:38:49 2018] Waiting for Ctrl_Vio_synth_1 to finish...
[Tue Mar 13 15:38:59 2018] Waiting for Ctrl_Vio_synth_1 to finish...
[Tue Mar 13 15:39:09 2018] Waiting for Ctrl_Vio_synth_1 to finish...

*** Running vivado
    with args -log Ctrl_Vio.vds -m64 -product Vivado -mode batch -messageDb vivado.pb -notrace -source Ctrl_Vio.tcl


****** Vivado v2017.4 (64-bit)
  **** SW Build 2139404 on Wed Feb 21 18:47:47 MST 2018
  **** IP Build 2136750 on Wed Feb 21 20:48:04 MST 2018
    ** Copyright 1986-2017 Xilinx, Inc. All Rights Reserved.

source Ctrl_Vio.tcl -notrace
Command: synth_design -top Ctrl_Vio -part xc7k325tffg900-2 -mode out_of_context
Starting synth_design
Attempting to get a license for feature 'Synthesis' and/or device 'xc7k325t'
INFO: [Common 17-349] Got license for feature 'Synthesis' and/or device 'xc7k325t'
INFO: Launching helper process for spawning children vivado processes
INFO: Helper process launched with PID 48492 
---------------------------------------------------------------------------------
Starting RTL Elaboration : Time (s): cpu = 00:00:08 ; elapsed = 00:00:09 . Memory (MB): peak = 451.578 ; gain = 115.781
---------------------------------------------------------------------------------
INFO: [Synth 8-638] synthesizing module 'Ctrl_Vio' [c:/Projects/A_Series_7/LvdsSourceSync/Xapp585/DdrVhdlVersion/Libraries/Vio_Lib/Ctrl_Vio/synth/Ctrl_Vio.v:59]
WARNING: [Synth 8-3848] Net sl_iport0 in module/entity Ctrl_Vio does not have driver. [c:/Projects/A_Series_7/LvdsSourceSync/Xapp585/DdrVhdlVersion/Libraries/Vio_Lib/Ctrl_Vio/synth/Ctrl_Vio.v:102]
INFO: [Synth 8-256] done synthesizing module 'Ctrl_Vio' (8#1) [c:/Projects/A_Series_7/LvdsSourceSync/Xapp585/DdrVhdlVersion/Libraries/Vio_Lib/Ctrl_Vio/synth/Ctrl_Vio.v:59]
WARNING: [Synth 8-3331] design vio_v3_0_17_probe_out_one__parameterized2 has unconnected port Bus_rst
WARNING: [Synth 8-3331] design vio_v3_0_17_probe_out_one__parameterized2 has unconnected port Read
WARNING: [Synth 8-3331] design vio_v3_0_17_probe_out_one__parameterized2 has unconnected port Bus_Data_in[15]
WARNING: [Synth 8-3331] design vio_v3_0_17_probe_out_one__parameterized2 has unconnected port Bus_Data_in[14]
WARNING: [Synth 8-3331] design vio_v3_0_17_probe_out_one__parameterized2 has unconnected port Bus_Data_in[13]
WARNING: [Synth 8-3331] design vio_v3_0_17_probe_out_one__parameterized2 has unconnected port Bus_Data_in[12]
WARNING: [Synth 8-3331] design vio_v3_0_17_probe_out_one__parameterized2 has unconnected port Bus_Data_in[11]
WARNING: [Synth 8-3331] design vio_v3_0_17_probe_out_one__parameterized2 has unconnected port Bus_Data_in[10]
WARNING: [Synth 8-3331] design vio_v3_0_17_probe_out_one__parameterized2 has unconnected port Bus_Data_in[9]
WARNING: [Synth 8-3331] design vio_v3_0_17_probe_out_one__parameterized2 has unconnected port Bus_Data_in[8]
WARNING: [Synth 8-3331] design vio_v3_0_17_probe_out_one__parameterized2 has unconnected port Bus_Data_in[7]
WARNING: [Synth 8-3331] design vio_v3_0_17_probe_out_one__parameterized2 has unconnected port Bus_Data_in[6]
WARNING: [Synth 8-3331] design vio_v3_0_17_probe_out_one__parameterized2 has unconnected port Bus_Data_in[5]
WARNING: [Synth 8-3331] design vio_v3_0_17_probe_out_one__parameterized2 has unconnected port Bus_Data_in[4]
WARNING: [Synth 8-3331] design vio_v3_0_17_probe_out_one__parameterized2 has unconnected port Bus_Data_in[3]
WARNING: [Synth 8-3331] design vio_v3_0_17_probe_out_one__parameterized2 has unconnected port Bus_Data_in[2]
WARNING: [Synth 8-3331] design vio_v3_0_17_probe_out_one__parameterized2 has unconnected port Bus_Data_in[1]
WARNING: [Synth 8-3331] design vio_v3_0_17_probe_out_one__parameterized2 has unconnected port Internal_cnt_rst
WARNING: [Synth 8-3331] design vio_v3_0_17_probe_out_one__parameterized1 has unconnected port Bus_rst
WARNING: [Synth 8-3331] design vio_v3_0_17_probe_out_one__parameterized0 has unconnected port Bus_rst
WARNING: [Synth 8-3331] design vio_v3_0_17_probe_out_one has unconnected port Bus_rst
WARNING: [Synth 8-3331] design vio_v3_0_17_probe_out_one has unconnected port Read
WARNING: [Synth 8-3331] design vio_v3_0_17_probe_out_one has unconnected port Bus_Data_in[15]
WARNING: [Synth 8-3331] design vio_v3_0_17_probe_out_one has unconnected port Bus_Data_in[14]
WARNING: [Synth 8-3331] design vio_v3_0_17_probe_out_one has unconnected port Bus_Data_in[13]
WARNING: [Synth 8-3331] design vio_v3_0_17_probe_out_one has unconnected port Bus_Data_in[12]
WARNING: [Synth 8-3331] design vio_v3_0_17_probe_out_one has unconnected port Bus_Data_in[11]
WARNING: [Synth 8-3331] design vio_v3_0_17_probe_out_one has unconnected port Bus_Data_in[10]
WARNING: [Synth 8-3331] design vio_v3_0_17_probe_out_one has unconnected port Bus_Data_in[9]
WARNING: [Synth 8-3331] design vio_v3_0_17_probe_out_one has unconnected port Bus_Data_in[8]
WARNING: [Synth 8-3331] design vio_v3_0_17_probe_out_one has unconnected port Bus_Data_in[7]
WARNING: [Synth 8-3331] design vio_v3_0_17_probe_out_one has unconnected port Bus_Data_in[6]
WARNING: [Synth 8-3331] design vio_v3_0_17_probe_out_one has unconnected port Bus_Data_in[5]
WARNING: [Synth 8-3331] design vio_v3_0_17_probe_out_one has unconnected port Bus_Data_in[4]
WARNING: [Synth 8-3331] design vio_v3_0_17_probe_out_one has unconnected port Bus_Data_in[3]
WARNING: [Synth 8-3331] design vio_v3_0_17_probe_out_one has unconnected port Bus_Data_in[2]
WARNING: [Synth 8-3331] design vio_v3_0_17_probe_out_one has unconnected port Bus_Data_in[1]
WARNING: [Synth 8-3331] design vio_v3_0_17_probe_out_one has unconnected port Internal_cnt_rst
WARNING: [Synth 8-3331] design vio_v3_0_17_vio has unconnected port probe_in17[0]
WARNING: [Synth 8-3331] design vio_v3_0_17_vio has unconnected port probe_in18[0]
WARNING: [Synth 8-3331] design vio_v3_0_17_vio has unconnected port probe_in19[0]
WARNING: [Synth 8-3331] design vio_v3_0_17_vio has unconnected port probe_in20[0]
WARNING: [Synth 8-3331] design vio_v3_0_17_vio has unconnected port probe_in21[0]
WARNING: [Synth 8-3331] design vio_v3_0_17_vio has unconnected port probe_in22[0]
WARNING: [Synth 8-3331] design vio_v3_0_17_vio has unconnected port probe_in23[0]
WARNING: [Synth 8-3331] design vio_v3_0_17_vio has unconnected port probe_in24[0]
WARNING: [Synth 8-3331] design vio_v3_0_17_vio has unconnected port probe_in25[0]
WARNING: [Synth 8-3331] design vio_v3_0_17_vio has unconnected port probe_in26[0]
WARNING: [Synth 8-3331] design vio_v3_0_17_vio has unconnected port probe_in27[0]
WARNING: [Synth 8-3331] design vio_v3_0_17_vio has unconnected port probe_in28[0]
WARNING: [Synth 8-3331] design vio_v3_0_17_vio has unconnected port probe_in29[0]
WARNING: [Synth 8-3331] design vio_v3_0_17_vio has unconnected port probe_in30[0]
WARNING: [Synth 8-3331] design vio_v3_0_17_vio has unconnected port probe_in31[0]
WARNING: [Synth 8-3331] design vio_v3_0_17_vio has unconnected port probe_in32[0]
WARNING: [Synth 8-3331] design vio_v3_0_17_vio has unconnected port probe_in33[0]
WARNING: [Synth 8-3331] design vio_v3_0_17_vio has unconnected port probe_in34[0]
WARNING: [Synth 8-3331] design vio_v3_0_17_vio has unconnected port probe_in35[0]
WARNING: [Synth 8-3331] design vio_v3_0_17_vio has unconnected port probe_in36[0]
WARNING: [Synth 8-3331] design vio_v3_0_17_vio has unconnected port probe_in37[0]
WARNING: [Synth 8-3331] design vio_v3_0_17_vio has unconnected port probe_in38[0]
WARNING: [Synth 8-3331] design vio_v3_0_17_vio has unconnected port probe_in39[0]
WARNING: [Synth 8-3331] design vio_v3_0_17_vio has unconnected port probe_in40[0]
WARNING: [Synth 8-3331] design vio_v3_0_17_vio has unconnected port probe_in41[0]
WARNING: [Synth 8-3331] design vio_v3_0_17_vio has unconnected port probe_in42[0]
WARNING: [Synth 8-3331] design vio_v3_0_17_vio has unconnected port probe_in43[0]
WARNING: [Synth 8-3331] design vio_v3_0_17_vio has unconnected port probe_in44[0]
WARNING: [Synth 8-3331] design vio_v3_0_17_vio has unconnected port probe_in45[0]
WARNING: [Synth 8-3331] design vio_v3_0_17_vio has unconnected port probe_in46[0]
WARNING: [Synth 8-3331] design vio_v3_0_17_vio has unconnected port probe_in47[0]
WARNING: [Synth 8-3331] design vio_v3_0_17_vio has unconnected port probe_in48[0]
WARNING: [Synth 8-3331] design vio_v3_0_17_vio has unconnected port probe_in49[0]
WARNING: [Synth 8-3331] design vio_v3_0_17_vio has unconnected port probe_in50[0]
WARNING: [Synth 8-3331] design vio_v3_0_17_vio has unconnected port probe_in51[0]
WARNING: [Synth 8-3331] design vio_v3_0_17_vio has unconnected port probe_in52[0]
WARNING: [Synth 8-3331] design vio_v3_0_17_vio has unconnected port probe_in53[0]
WARNING: [Synth 8-3331] design vio_v3_0_17_vio has unconnected port probe_in54[0]
WARNING: [Synth 8-3331] design vio_v3_0_17_vio has unconnected port probe_in55[0]
WARNING: [Synth 8-3331] design vio_v3_0_17_vio has unconnected port probe_in56[0]
WARNING: [Synth 8-3331] design vio_v3_0_17_vio has unconnected port probe_in57[0]
WARNING: [Synth 8-3331] design vio_v3_0_17_vio has unconnected port probe_in58[0]
WARNING: [Synth 8-3331] design vio_v3_0_17_vio has unconnected port probe_in59[0]
WARNING: [Synth 8-3331] design vio_v3_0_17_vio has unconnected port probe_in60[0]
WARNING: [Synth 8-3331] design vio_v3_0_17_vio has unconnected port probe_in61[0]
WARNING: [Synth 8-3331] design vio_v3_0_17_vio has unconnected port probe_in62[0]
WARNING: [Synth 8-3331] design vio_v3_0_17_vio has unconnected port probe_in63[0]
WARNING: [Synth 8-3331] design vio_v3_0_17_vio has unconnected port probe_in64[0]
WARNING: [Synth 8-3331] design vio_v3_0_17_vio has unconnected port probe_in65[0]
WARNING: [Synth 8-3331] design vio_v3_0_17_vio has unconnected port probe_in66[0]
WARNING: [Synth 8-3331] design vio_v3_0_17_vio has unconnected port probe_in67[0]
WARNING: [Synth 8-3331] design vio_v3_0_17_vio has unconnected port probe_in68[0]
WARNING: [Synth 8-3331] design vio_v3_0_17_vio has unconnected port probe_in69[0]
WARNING: [Synth 8-3331] design vio_v3_0_17_vio has unconnected port probe_in70[0]
WARNING: [Synth 8-3331] design vio_v3_0_17_vio has unconnected port probe_in71[0]
WARNING: [Synth 8-3331] design vio_v3_0_17_vio has unconnected port probe_in72[0]
WARNING: [Synth 8-3331] design vio_v3_0_17_vio has unconnected port probe_in73[0]
WARNING: [Synth 8-3331] design vio_v3_0_17_vio has unconnected port probe_in74[0]
WARNING: [Synth 8-3331] design vio_v3_0_17_vio has unconnected port probe_in75[0]
WARNING: [Synth 8-3331] design vio_v3_0_17_vio has unconnected port probe_in76[0]
WARNING: [Synth 8-3331] design vio_v3_0_17_vio has unconnected port probe_in77[0]
WARNING: [Synth 8-3331] design vio_v3_0_17_vio has unconnected port probe_in78[0]
INFO: [Common 17-14] Message 'Synth 8-3331' appears 100 times and further instances of the messages will be disabled. Use the Tcl command set_msg_config to change the current settings.
---------------------------------------------------------------------------------
Finished RTL Elaboration : Time (s): cpu = 00:00:15 ; elapsed = 00:00:16 . Memory (MB): peak = 615.504 ; gain = 279.707
---------------------------------------------------------------------------------

Report Check Netlist: 
+------+------------------+-------+---------+-------+------------------+
|      |Item              |Errors |Warnings |Status |Description       |
+------+------------------+-------+---------+-------+------------------+
|1     |multi_driven_nets |      0|        0|Passed |Multi driven nets |
+------+------------------+-------+---------+-------+------------------+
WARNING: [Synth 8-3295] tying undriven pin inst:sl_iport0[36] to constant 0 [c:/Projects/A_Series_7/LvdsSourceSync/Xapp585/DdrVhdlVersion/Libraries/Vio_Lib/Ctrl_Vio/synth/Ctrl_Vio.v:892]
WARNING: [Synth 8-3295] tying undriven pin inst:sl_iport0[35] to constant 0 [c:/Projects/A_Series_7/LvdsSourceSync/Xapp585/DdrVhdlVersion/Libraries/Vio_Lib/Ctrl_Vio/synth/Ctrl_Vio.v:892]
WARNING: [Synth 8-3295] tying undriven pin inst:sl_iport0[34] to constant 0 [c:/Projects/A_Series_7/LvdsSourceSync/Xapp585/DdrVhdlVersion/Libraries/Vio_Lib/Ctrl_Vio/synth/Ctrl_Vio.v:892]
WARNING: [Synth 8-3295] tying undriven pin inst:sl_iport0[33] to constant 0 [c:/Projects/A_Series_7/LvdsSourceSync/Xapp585/DdrVhdlVersion/Libraries/Vio_Lib/Ctrl_Vio/synth/Ctrl_Vio.v:892]
WARNING: [Synth 8-3295] tying undriven pin inst:sl_iport0[32] to constant 0 [c:/Projects/A_Series_7/LvdsSourceSync/Xapp585/DdrVhdlVersion/Libraries/Vio_Lib/Ctrl_Vio/synth/Ctrl_Vio.v:892]
WARNING: [Synth 8-3295] tying undriven pin inst:sl_iport0[31] to constant 0 [c:/Projects/A_Series_7/LvdsSourceSync/Xapp585/DdrVhdlVersion/Libraries/Vio_Lib/Ctrl_Vio/synth/Ctrl_Vio.v:892]
WARNING: [Synth 8-3295] tying undriven pin inst:sl_iport0[30] to constant 0 [c:/Projects/A_Series_7/LvdsSourceSync/Xapp585/DdrVhdlVersion/Libraries/Vio_Lib/Ctrl_Vio/synth/Ctrl_Vio.v:892]
WARNING: [Synth 8-3295] tying undriven pin inst:sl_iport0[29] to constant 0 [c:/Projects/A_Series_7/LvdsSourceSync/Xapp585/DdrVhdlVersion/Libraries/Vio_Lib/Ctrl_Vio/synth/Ctrl_Vio.v:892]
WARNING: [Synth 8-3295] tying undriven pin inst:sl_iport0[28] to constant 0 [c:/Projects/A_Series_7/LvdsSourceSync/Xapp585/DdrVhdlVersion/Libraries/Vio_Lib/Ctrl_Vio/synth/Ctrl_Vio.v:892]
WARNING: [Synth 8-3295] tying undriven pin inst:sl_iport0[27] to constant 0 [c:/Projects/A_Series_7/LvdsSourceSync/Xapp585/DdrVhdlVersion/Libraries/Vio_Lib/Ctrl_Vio/synth/Ctrl_Vio.v:892]
WARNING: [Synth 8-3295] tying undriven pin inst:sl_iport0[26] to constant 0 [c:/Projects/A_Series_7/LvdsSourceSync/Xapp585/DdrVhdlVersion/Libraries/Vio_Lib/Ctrl_Vio/synth/Ctrl_Vio.v:892]
WARNING: [Synth 8-3295] tying undriven pin inst:sl_iport0[25] to constant 0 [c:/Projects/A_Series_7/LvdsSourceSync/Xapp585/DdrVhdlVersion/Libraries/Vio_Lib/Ctrl_Vio/synth/Ctrl_Vio.v:892]
WARNING: [Synth 8-3295] tying undriven pin inst:sl_iport0[24] to constant 0 [c:/Projects/A_Series_7/LvdsSourceSync/Xapp585/DdrVhdlVersion/Libraries/Vio_Lib/Ctrl_Vio/synth/Ctrl_Vio.v:892]
WARNING: [Synth 8-3295] tying undriven pin inst:sl_iport0[23] to constant 0 [c:/Projects/A_Series_7/LvdsSourceSync/Xapp585/DdrVhdlVersion/Libraries/Vio_Lib/Ctrl_Vio/synth/Ctrl_Vio.v:892]
WARNING: [Synth 8-3295] tying undriven pin inst:sl_iport0[22] to constant 0 [c:/Projects/A_Series_7/LvdsSourceSync/Xapp585/DdrVhdlVersion/Libraries/Vio_Lib/Ctrl_Vio/synth/Ctrl_Vio.v:892]
WARNING: [Synth 8-3295] tying undriven pin inst:sl_iport0[21] to constant 0 [c:/Projects/A_Series_7/LvdsSourceSync/Xapp585/DdrVhdlVersion/Libraries/Vio_Lib/Ctrl_Vio/synth/Ctrl_Vio.v:892]
WARNING: [Synth 8-3295] tying undriven pin inst:sl_iport0[20] to constant 0 [c:/Projects/A_Series_7/LvdsSourceSync/Xapp585/DdrVhdlVersion/Libraries/Vio_Lib/Ctrl_Vio/synth/Ctrl_Vio.v:892]
WARNING: [Synth 8-3295] tying undriven pin inst:sl_iport0[19] to constant 0 [c:/Projects/A_Series_7/LvdsSourceSync/Xapp585/DdrVhdlVersion/Libraries/Vio_Lib/Ctrl_Vio/synth/Ctrl_Vio.v:892]
WARNING: [Synth 8-3295] tying undriven pin inst:sl_iport0[18] to constant 0 [c:/Projects/A_Series_7/LvdsSourceSync/Xapp585/DdrVhdlVersion/Libraries/Vio_Lib/Ctrl_Vio/synth/Ctrl_Vio.v:892]
WARNING: [Synth 8-3295] tying undriven pin inst:sl_iport0[17] to constant 0 [c:/Projects/A_Series_7/LvdsSourceSync/Xapp585/DdrVhdlVersion/Libraries/Vio_Lib/Ctrl_Vio/synth/Ctrl_Vio.v:892]
WARNING: [Synth 8-3295] tying undriven pin inst:sl_iport0[16] to constant 0 [c:/Projects/A_Series_7/LvdsSourceSync/Xapp585/DdrVhdlVersion/Libraries/Vio_Lib/Ctrl_Vio/synth/Ctrl_Vio.v:892]
WARNING: [Synth 8-3295] tying undriven pin inst:sl_iport0[15] to constant 0 [c:/Projects/A_Series_7/LvdsSourceSync/Xapp585/DdrVhdlVersion/Libraries/Vio_Lib/Ctrl_Vio/synth/Ctrl_Vio.v:892]
WARNING: [Synth 8-3295] tying undriven pin inst:sl_iport0[14] to constant 0 [c:/Projects/A_Series_7/LvdsSourceSync/Xapp585/DdrVhdlVersion/Libraries/Vio_Lib/Ctrl_Vio/synth/Ctrl_Vio.v:892]
WARNING: [Synth 8-3295] tying undriven pin inst:sl_iport0[13] to constant 0 [c:/Projects/A_Series_7/LvdsSourceSync/Xapp585/DdrVhdlVersion/Libraries/Vio_Lib/Ctrl_Vio/synth/Ctrl_Vio.v:892]
WARNING: [Synth 8-3295] tying undriven pin inst:sl_iport0[12] to constant 0 [c:/Projects/A_Series_7/LvdsSourceSync/Xapp585/DdrVhdlVersion/Libraries/Vio_Lib/Ctrl_Vio/synth/Ctrl_Vio.v:892]
WARNING: [Synth 8-3295] tying undriven pin inst:sl_iport0[11] to constant 0 [c:/Projects/A_Series_7/LvdsSourceSync/Xapp585/DdrVhdlVersion/Libraries/Vio_Lib/Ctrl_Vio/synth/Ctrl_Vio.v:892]
WARNING: [Synth 8-3295] tying undriven pin inst:sl_iport0[10] to constant 0 [c:/Projects/A_Series_7/LvdsSourceSync/Xapp585/DdrVhdlVersion/Libraries/Vio_Lib/Ctrl_Vio/synth/Ctrl_Vio.v:892]
WARNING: [Synth 8-3295] tying undriven pin inst:sl_iport0[9] to constant 0 [c:/Projects/A_Series_7/LvdsSourceSync/Xapp585/DdrVhdlVersion/Libraries/Vio_Lib/Ctrl_Vio/synth/Ctrl_Vio.v:892]
WARNING: [Synth 8-3295] tying undriven pin inst:sl_iport0[8] to constant 0 [c:/Projects/A_Series_7/LvdsSourceSync/Xapp585/DdrVhdlVersion/Libraries/Vio_Lib/Ctrl_Vio/synth/Ctrl_Vio.v:892]
WARNING: [Synth 8-3295] tying undriven pin inst:sl_iport0[7] to constant 0 [c:/Projects/A_Series_7/LvdsSourceSync/Xapp585/DdrVhdlVersion/Libraries/Vio_Lib/Ctrl_Vio/synth/Ctrl_Vio.v:892]
WARNING: [Synth 8-3295] tying undriven pin inst:sl_iport0[6] to constant 0 [c:/Projects/A_Series_7/LvdsSourceSync/Xapp585/DdrVhdlVersion/Libraries/Vio_Lib/Ctrl_Vio/synth/Ctrl_Vio.v:892]
WARNING: [Synth 8-3295] tying undriven pin inst:sl_iport0[5] to constant 0 [c:/Projects/A_Series_7/LvdsSourceSync/Xapp585/DdrVhdlVersion/Libraries/Vio_Lib/Ctrl_Vio/synth/Ctrl_Vio.v:892]
WARNING: [Synth 8-3295] tying undriven pin inst:sl_iport0[4] to constant 0 [c:/Projects/A_Series_7/LvdsSourceSync/Xapp585/DdrVhdlVersion/Libraries/Vio_Lib/Ctrl_Vio/synth/Ctrl_Vio.v:892]
WARNING: [Synth 8-3295] tying undriven pin inst:sl_iport0[3] to constant 0 [c:/Projects/A_Series_7/LvdsSourceSync/Xapp585/DdrVhdlVersion/Libraries/Vio_Lib/Ctrl_Vio/synth/Ctrl_Vio.v:892]
WARNING: [Synth 8-3295] tying undriven pin inst:sl_iport0[2] to constant 0 [c:/Projects/A_Series_7/LvdsSourceSync/Xapp585/DdrVhdlVersion/Libraries/Vio_Lib/Ctrl_Vio/synth/Ctrl_Vio.v:892]
WARNING: [Synth 8-3295] tying undriven pin inst:sl_iport0[1] to constant 0 [c:/Projects/A_Series_7/LvdsSourceSync/Xapp585/DdrVhdlVersion/Libraries/Vio_Lib/Ctrl_Vio/synth/Ctrl_Vio.v:892]
WARNING: [Synth 8-3295] tying undriven pin inst:sl_iport0[0] to constant 0 [c:/Projects/A_Series_7/LvdsSourceSync/Xapp585/DdrVhdlVersion/Libraries/Vio_Lib/Ctrl_Vio/synth/Ctrl_Vio.v:892]
---------------------------------------------------------------------------------
Finished RTL Optimization Phase 1 : Time (s): cpu = 00:00:15 ; elapsed = 00:00:16 . Memory (MB): peak = 615.504 ; gain = 279.707
---------------------------------------------------------------------------------
INFO: [Device 21-403] Loading part xc7k325tffg900-2
INFO: [Project 1-570] Preparing netlist for logic optimization

Processing XDC Constraints
Initializing timing engine
Parsing XDC File [c:/Projects/A_Series_7/LvdsSourceSync/Xapp585/DdrVhdlVersion/Libraries/Vio_Lib/Ctrl_Vio/Ctrl_Vio_ooc.xdc]
Finished Parsing XDC File [c:/Projects/A_Series_7/LvdsSourceSync/Xapp585/DdrVhdlVersion/Libraries/Vio_Lib/Ctrl_Vio/Ctrl_Vio_ooc.xdc]
Parsing XDC File [c:/Projects/A_Series_7/LvdsSourceSync/Xapp585/DdrVhdlVersion/Libraries/Vio_Lib/Ctrl_Vio/Ctrl_Vio.xdc]
Finished Parsing XDC File [c:/Projects/A_Series_7/LvdsSourceSync/Xapp585/DdrVhdlVersion/Libraries/Vio_Lib/Ctrl_Vio/Ctrl_Vio.xdc]
Completed Processing XDC Constraints

INFO: [Project 1-111] Unisim Transformation Summary:
No Unisim elements were transformed.

Constraint Validation Runtime : Time (s): cpu = 00:00:00 ; elapsed = 00:00:00.022 . Memory (MB): peak = 906.051 ; gain = 0.117
---------------------------------------------------------------------------------
Finished Constraint Validation : Time (s): cpu = 00:00:26 ; elapsed = 00:00:28 . Memory (MB): peak = 906.051 ; gain = 570.254
---------------------------------------------------------------------------------
---------------------------------------------------------------------------------
Start Loading Part and Timing Information
---------------------------------------------------------------------------------
Loading part: xc7k325tffg900-2
---------------------------------------------------------------------------------
Finished Loading Part and Timing Information : Time (s): cpu = 00:00:26 ; elapsed = 00:00:28 . Memory (MB): peak = 906.051 ; gain = 570.254
---------------------------------------------------------------------------------
---------------------------------------------------------------------------------
Start Applying 'set_property' XDC Constraints
---------------------------------------------------------------------------------
---------------------------------------------------------------------------------
Finished applying 'set_property' XDC Constraints : Time (s): cpu = 00:00:26 ; elapsed = 00:00:28 . Memory (MB): peak = 906.051 ; gain = 570.254
---------------------------------------------------------------------------------
INFO: [Synth 8-5546] ROM "wr_probe_out" won't be mapped to RAM because it is too sparse
INFO: [Synth 8-5546] ROM "wr_probe_out" won't be mapped to RAM because it is too sparse
INFO: [Synth 8-5546] ROM "wr_probe_out" won't be mapped to RAM because it is too sparse
INFO: [Synth 8-5546] ROM "wr_probe_out" won't be mapped to RAM because it is too sparse
INFO: [Synth 8-5546] ROM "wr_probe_out" won't be mapped to RAM because it is too sparse
INFO: [Synth 8-5546] ROM "wr_probe_out" won't be mapped to RAM because it is too sparse
INFO: [Synth 8-5546] ROM "wr_probe_out" won't be mapped to RAM because it is too sparse
INFO: [Synth 8-5546] ROM "wr_probe_out" won't be mapped to RAM because it is too sparse
INFO: [Synth 8-5546] ROM "wr_en_int0" won't be mapped to RAM because it is too sparse
INFO: [Synth 8-5546] ROM "wr_en_int0" won't be mapped to RAM because it is too sparse
INFO: [Synth 8-5546] ROM "wr_en_int0" won't be mapped to RAM because it is too sparse
INFO: [Synth 8-5546] ROM "wr_en_int0" won't be mapped to RAM because it is too sparse
INFO: [Synth 8-5546] ROM "wr_en_int0" won't be mapped to RAM because it is too sparse
INFO: [Synth 8-5546] ROM "rd_en_int0" won't be mapped to RAM because it is too sparse
INFO: [Synth 8-5546] ROM "rd_en_int0" won't be mapped to RAM because it is too sparse
---------------------------------------------------------------------------------
Finished RTL Optimization Phase 2 : Time (s): cpu = 00:00:27 ; elapsed = 00:00:29 . Memory (MB): peak = 906.051 ; gain = 570.254
---------------------------------------------------------------------------------

Report RTL Partitions: 
+-+--------------+------------+----------+
| |RTL Partition |Replication |Instances |
+-+--------------+------------+----------+
+-+--------------+------------+----------+
---------------------------------------------------------------------------------
Start RTL Component Statistics 
---------------------------------------------------------------------------------
Detailed RTL Component Info : 
+---Adders : 
	   2 Input      6 Bit       Adders := 1     
	   2 Input      4 Bit       Adders := 1     
	   2 Input      2 Bit       Adders := 3     
+---Registers : 
	              128 Bit    Registers := 1     
	              109 Bit    Registers := 3     
	               35 Bit    Registers := 1     
	               24 Bit    Registers := 1     
	               16 Bit    Registers := 20    
	               14 Bit    Registers := 1     
	               13 Bit    Registers := 1     
	                7 Bit    Registers := 1     
	                6 Bit    Registers := 1     
	                5 Bit    Registers := 1     
	                4 Bit    Registers := 1     
	                3 Bit    Registers := 3     
	                2 Bit    Registers := 3     
	                1 Bit    Registers := 28    
+---Muxes : 
	   2 Input     16 Bit        Muxes := 6     
	   3 Input     16 Bit        Muxes := 1     
	   4 Input     14 Bit        Muxes := 1     
	   9 Input     13 Bit        Muxes := 1     
	   2 Input      1 Bit        Muxes := 25    
---------------------------------------------------------------------------------
Finished RTL Component Statistics 
---------------------------------------------------------------------------------
---------------------------------------------------------------------------------
Start RTL Hierarchical Component Statistics 
---------------------------------------------------------------------------------
Hierarchical RTL Component report 
Module vio_v3_0_17_probe_in_one 
Detailed RTL Component Info : 
+---Adders : 
	   2 Input      6 Bit       Adders := 1     
+---Registers : 
	              109 Bit    Registers := 3     
	               16 Bit    Registers := 1     
	                6 Bit    Registers := 1     
	                1 Bit    Registers := 2     
Module vio_v3_0_17_probe_width 
Detailed RTL Component Info : 
+---Adders : 
	   2 Input      4 Bit       Adders := 1     
+---Registers : 
	               13 Bit    Registers := 1     
	                4 Bit    Registers := 1     
+---Muxes : 
	   9 Input     13 Bit        Muxes := 1     
Module vio_v3_0_17_probe_out_one 
Detailed RTL Component Info : 
+---Registers : 
	               16 Bit    Registers := 1     
	                1 Bit    Registers := 1     
+---Muxes : 
	   2 Input      1 Bit        Muxes := 1     
Module vio_v3_0_17_probe_out_one__parameterized0 
Detailed RTL Component Info : 
+---Adders : 
	   2 Input      2 Bit       Adders := 1     
+---Registers : 
	               35 Bit    Registers := 1     
	               16 Bit    Registers := 4     
	                2 Bit    Registers := 1     
+---Muxes : 
	   2 Input     16 Bit        Muxes := 2     
	   3 Input     16 Bit        Muxes := 1     
	   2 Input      1 Bit        Muxes := 1     
Module vio_v3_0_17_probe_out_one__parameterized1 
Detailed RTL Component Info : 
+---Adders : 
	   2 Input      2 Bit       Adders := 1     
+---Registers : 
	               24 Bit    Registers := 1     
	               16 Bit    Registers := 3     
	                2 Bit    Registers := 1     
+---Muxes : 
	   2 Input     16 Bit        Muxes := 2     
	   2 Input      1 Bit        Muxes := 1     
Module vio_v3_0_17_probe_out_one__parameterized2 
Detailed RTL Component Info : 
+---Registers : 
	               16 Bit    Registers := 1     
	                1 Bit    Registers := 1     
+---Muxes : 
	   2 Input      1 Bit        Muxes := 1     
Module vio_v3_0_17_probe_out_all 
Detailed RTL Component Info : 
+---Registers : 
	               16 Bit    Registers := 1     
	                3 Bit    Registers := 1     
	                1 Bit    Registers := 10    
+---Muxes : 
	   2 Input      1 Bit        Muxes := 9     
Module vio_v3_0_17_probe_width__parameterized0 
Detailed RTL Component Info : 
+---Adders : 
	   2 Input      2 Bit       Adders := 1     
+---Registers : 
	               14 Bit    Registers := 1     
	                2 Bit    Registers := 1     
+---Muxes : 
	   4 Input     14 Bit        Muxes := 1     
Module xsdbs_v1_0_2_xsdbs 
Detailed RTL Component Info : 
+---Registers : 
	              128 Bit    Registers := 1     
	               16 Bit    Registers := 2     
	                1 Bit    Registers := 1     
+---Muxes : 
	   2 Input     16 Bit        Muxes := 1     
	   2 Input      1 Bit        Muxes := 1     
Module vio_v3_0_17_decoder 
Detailed RTL Component Info : 
+---Registers : 
	               16 Bit    Registers := 2     
	                7 Bit    Registers := 1     
	                5 Bit    Registers := 1     
	                3 Bit    Registers := 2     
	                1 Bit    Registers := 9     
+---Muxes : 
	   2 Input     16 Bit        Muxes := 1     
	   2 Input      1 Bit        Muxes := 7     
Module vio_v3_0_17_vio 
Detailed RTL Component Info : 
+---Registers : 
	               16 Bit    Registers := 1     
---------------------------------------------------------------------------------
Finished RTL Hierarchical Component Statistics
---------------------------------------------------------------------------------
---------------------------------------------------------------------------------
Start Part Resource Summary
---------------------------------------------------------------------------------
Part Resources:
DSPs: 840 (col length:140)
BRAMs: 890 (col length: RAMB18 140 RAMB36 70)
---------------------------------------------------------------------------------
Finished Part Resource Summary
---------------------------------------------------------------------------------
---------------------------------------------------------------------------------
Start Cross Boundary and Area Optimization
---------------------------------------------------------------------------------
INFO: [Synth 8-5546] ROM "wr_probe_out" won't be mapped to RAM because it is too sparse
INFO: [Synth 8-5546] ROM "wr_probe_out" won't be mapped to RAM because it is too sparse
INFO: [Synth 8-5546] ROM "wr_probe_out" won't be mapped to RAM because it is too sparse
INFO: [Synth 8-5546] ROM "wr_probe_out" won't be mapped to RAM because it is too sparse
INFO: [Synth 8-5546] ROM "wr_probe_out" won't be mapped to RAM because it is too sparse
INFO: [Synth 8-5546] ROM "wr_probe_out" won't be mapped to RAM because it is too sparse
INFO: [Synth 8-5546] ROM "wr_probe_out" won't be mapped to RAM because it is too sparse
INFO: [Synth 8-5546] ROM "wr_probe_out" won't be mapped to RAM because it is too sparse
INFO: [Synth 8-5546] ROM "PROBE_OUT_ALL_INST/wr_probe_out" won't be mapped to RAM because it is too sparse
INFO: [Synth 8-5546] ROM "PROBE_OUT_ALL_INST/wr_probe_out" won't be mapped to RAM because it is too sparse
INFO: [Synth 8-5546] ROM "PROBE_OUT_ALL_INST/wr_probe_out" won't be mapped to RAM because it is too sparse
INFO: [Synth 8-5546] ROM "PROBE_OUT_ALL_INST/wr_probe_out" won't be mapped to RAM because it is too sparse
INFO: [Synth 8-5546] ROM "PROBE_OUT_ALL_INST/wr_probe_out" won't be mapped to RAM because it is too sparse
INFO: [Synth 8-5546] ROM "PROBE_OUT_ALL_INST/wr_probe_out" won't be mapped to RAM because it is too sparse
INFO: [Synth 8-5546] ROM "PROBE_OUT_ALL_INST/wr_probe_out" won't be mapped to RAM because it is too sparse
INFO: [Synth 8-5546] ROM "PROBE_OUT_ALL_INST/wr_probe_out" won't be mapped to RAM because it is too sparse
INFO: [Synth 8-5546] ROM "DECODER_INST/wr_en_int0" won't be mapped to RAM because it is too sparse
INFO: [Synth 8-5546] ROM "DECODER_INST/wr_en_int0" won't be mapped to RAM because it is too sparse
INFO: [Synth 8-5546] ROM "DECODER_INST/wr_en_int0" won't be mapped to RAM because it is too sparse
INFO: [Synth 8-5546] ROM "DECODER_INST/wr_en_int0" won't be mapped to RAM because it is too sparse
INFO: [Synth 8-5546] ROM "DECODER_INST/wr_en_int0" won't be mapped to RAM because it is too sparse
INFO: [Synth 8-5546] ROM "DECODER_INST/rd_en_int0" won't be mapped to RAM because it is too sparse
INFO: [Synth 8-5546] ROM "DECODER_INST/rd_en_int0" won't be mapped to RAM because it is too sparse
INFO: [Synth 8-3886] merging instance 'inst/PROBE_OUT_ALL_INST/G_PROBE_OUT[7].PROBE_OUT0_INST/data_int_reg[1]' (FDRE) to 'inst/PROBE_OUT_ALL_INST/G_PROBE_OUT[7].PROBE_OUT0_INST/data_int_reg[2]'
INFO: [Synth 8-3886] merging instance 'inst/PROBE_OUT_ALL_INST/G_PROBE_OUT[6].PROBE_OUT0_INST/data_int_reg[1]' (FDRE) to 'inst/PROBE_OUT_ALL_INST/G_PROBE_OUT[6].PROBE_OUT0_INST/data_int_reg[2]'
INFO: [Synth 8-3886] merging instance 'inst/PROBE_OUT_ALL_INST/G_PROBE_OUT[5].PROBE_OUT0_INST/data_int_reg[1]' (FDRE) to 'inst/PROBE_OUT_ALL_INST/G_PROBE_OUT[5].PROBE_OUT0_INST/data_int_reg[2]'
INFO: [Synth 8-3886] merging instance 'inst/PROBE_OUT_ALL_INST/G_PROBE_OUT[2].PROBE_OUT0_INST/data_int_reg[1]' (FDRE) to 'inst/PROBE_OUT_ALL_INST/G_PROBE_OUT[2].PROBE_OUT0_INST/data_int_reg[2]'
INFO: [Synth 8-3886] merging instance 'inst/PROBE_OUT_ALL_INST/G_PROBE_OUT[1].PROBE_OUT0_INST/data_int_reg[1]' (FDRE) to 'inst/PROBE_OUT_ALL_INST/G_PROBE_OUT[1].PROBE_OUT0_INST/data_int_reg[2]'
INFO: [Synth 8-3886] merging instance 'inst/PROBE_OUT_ALL_INST/G_PROBE_OUT[0].PROBE_OUT0_INST/data_int_reg[1]' (FDRE) to 'inst/PROBE_OUT_ALL_INST/G_PROBE_OUT[0].PROBE_OUT0_INST/data_int_reg[2]'
INFO: [Synth 8-3886] merging instance 'inst/PROBE_OUT_ALL_INST/G_PROBE_OUT[7].PROBE_OUT0_INST/data_int_reg[2]' (FDRE) to 'inst/PROBE_OUT_ALL_INST/G_PROBE_OUT[7].PROBE_OUT0_INST/data_int_reg[3]'
INFO: [Synth 8-3886] merging instance 'inst/PROBE_OUT_ALL_INST/G_PROBE_OUT[6].PROBE_OUT0_INST/data_int_reg[2]' (FDRE) to 'inst/PROBE_OUT_ALL_INST/G_PROBE_OUT[6].PROBE_OUT0_INST/data_int_reg[3]'
INFO: [Synth 8-3886] merging instance 'inst/PROBE_OUT_ALL_INST/G_PROBE_OUT[5].PROBE_OUT0_INST/data_int_reg[2]' (FDRE) to 'inst/PROBE_OUT_ALL_INST/G_PROBE_OUT[5].PROBE_OUT0_INST/data_int_reg[3]'
INFO: [Synth 8-3886] merging instance 'inst/PROBE_OUT_ALL_INST/G_PROBE_OUT[2].PROBE_OUT0_INST/data_int_reg[2]' (FDRE) to 'inst/PROBE_OUT_ALL_INST/G_PROBE_OUT[2].PROBE_OUT0_INST/data_int_reg[3]'
INFO: [Synth 8-3886] merging instance 'inst/PROBE_OUT_ALL_INST/G_PROBE_OUT[1].PROBE_OUT0_INST/data_int_reg[2]' (FDRE) to 'inst/PROBE_OUT_ALL_INST/G_PROBE_OUT[1].PROBE_OUT0_INST/data_int_reg[3]'
INFO: [Synth 8-3886] merging instance 'inst/PROBE_OUT_ALL_INST/G_PROBE_OUT[0].PROBE_OUT0_INST/data_int_reg[2]' (FDRE) to 'inst/PROBE_OUT_ALL_INST/G_PROBE_OUT[0].PROBE_OUT0_INST/data_int_reg[3]'
INFO: [Synth 8-3886] merging instance 'inst/PROBE_OUT_ALL_INST/G_PROBE_OUT[7].PROBE_OUT0_INST/data_int_reg[3]' (FDRE) to 'inst/PROBE_OUT_ALL_INST/G_PROBE_OUT[7].PROBE_OUT0_INST/data_int_reg[4]'
INFO: [Synth 8-3886] merging instance 'inst/PROBE_OUT_ALL_INST/G_PROBE_OUT[6].PROBE_OUT0_INST/data_int_reg[3]' (FDRE) to 'inst/PROBE_OUT_ALL_INST/G_PROBE_OUT[6].PROBE_OUT0_INST/data_int_reg[4]'
INFO: [Synth 8-3886] merging instance 'inst/PROBE_OUT_ALL_INST/G_PROBE_OUT[5].PROBE_OUT0_INST/data_int_reg[3]' (FDRE) to 'inst/PROBE_OUT_ALL_INST/G_PROBE_OUT[5].PROBE_OUT0_INST/data_int_reg[4]'
INFO: [Synth 8-3886] merging instance 'inst/PROBE_OUT_ALL_INST/G_PROBE_OUT[2].PROBE_OUT0_INST/data_int_reg[3]' (FDRE) to 'inst/PROBE_OUT_ALL_INST/G_PROBE_OUT[2].PROBE_OUT0_INST/data_int_reg[4]'
INFO: [Synth 8-3886] merging instance 'inst/PROBE_OUT_ALL_INST/G_PROBE_OUT[1].PROBE_OUT0_INST/data_int_reg[3]' (FDRE) to 'inst/PROBE_OUT_ALL_INST/G_PROBE_OUT[1].PROBE_OUT0_INST/data_int_reg[4]'
INFO: [Synth 8-3886] merging instance 'inst/PROBE_OUT_ALL_INST/G_PROBE_OUT[0].PROBE_OUT0_INST/data_int_reg[3]' (FDRE) to 'inst/PROBE_OUT_ALL_INST/G_PROBE_OUT[0].PROBE_OUT0_INST/data_int_reg[4]'
INFO: [Synth 8-3886] merging instance 'inst/PROBE_OUT_ALL_INST/G_PROBE_OUT[7].PROBE_OUT0_INST/data_int_reg[4]' (FDRE) to 'inst/PROBE_OUT_ALL_INST/G_PROBE_OUT[7].PROBE_OUT0_INST/data_int_reg[5]'
INFO: [Synth 8-3886] merging instance 'inst/PROBE_OUT_ALL_INST/G_PROBE_OUT[6].PROBE_OUT0_INST/data_int_reg[4]' (FDRE) to 'inst/PROBE_OUT_ALL_INST/G_PROBE_OUT[6].PROBE_OUT0_INST/data_int_reg[5]'
INFO: [Synth 8-3886] merging instance 'inst/PROBE_OUT_ALL_INST/G_PROBE_OUT[5].PROBE_OUT0_INST/data_int_reg[4]' (FDRE) to 'inst/PROBE_OUT_ALL_INST/G_PROBE_OUT[5].PROBE_OUT0_INST/data_int_reg[5]'
INFO: [Synth 8-3886] merging instance 'inst/PROBE_OUT_ALL_INST/G_PROBE_OUT[2].PROBE_OUT0_INST/data_int_reg[4]' (FDRE) to 'inst/PROBE_OUT_ALL_INST/G_PROBE_OUT[2].PROBE_OUT0_INST/data_int_reg[5]'
INFO: [Synth 8-3886] merging instance 'inst/PROBE_OUT_ALL_INST/G_PROBE_OUT[1].PROBE_OUT0_INST/data_int_reg[4]' (FDRE) to 'inst/PROBE_OUT_ALL_INST/G_PROBE_OUT[1].PROBE_OUT0_INST/data_int_reg[5]'
INFO: [Synth 8-3886] merging instance 'inst/PROBE_OUT_ALL_INST/G_PROBE_OUT[0].PROBE_OUT0_INST/data_int_reg[4]' (FDRE) to 'inst/PROBE_OUT_ALL_INST/G_PROBE_OUT[0].PROBE_OUT0_INST/data_int_reg[5]'
INFO: [Synth 8-3886] merging instance 'inst/PROBE_OUT_ALL_INST/G_PROBE_OUT[7].PROBE_OUT0_INST/data_int_reg[5]' (FDRE) to 'inst/PROBE_OUT_ALL_INST/G_PROBE_OUT[7].PROBE_OUT0_INST/data_int_reg[6]'
INFO: [Synth 8-3886] merging instance 'inst/PROBE_OUT_ALL_INST/G_PROBE_OUT[6].PROBE_OUT0_INST/data_int_reg[5]' (FDRE) to 'inst/PROBE_OUT_ALL_INST/G_PROBE_OUT[6].PROBE_OUT0_INST/data_int_reg[6]'
INFO: [Synth 8-3886] merging instance 'inst/PROBE_OUT_ALL_INST/G_PROBE_OUT[5].PROBE_OUT0_INST/data_int_reg[5]' (FDRE) to 'inst/PROBE_OUT_ALL_INST/G_PROBE_OUT[5].PROBE_OUT0_INST/data_int_reg[6]'
INFO: [Synth 8-3886] merging instance 'inst/PROBE_OUT_ALL_INST/G_PROBE_OUT[2].PROBE_OUT0_INST/data_int_reg[5]' (FDRE) to 'inst/PROBE_OUT_ALL_INST/G_PROBE_OUT[2].PROBE_OUT0_INST/data_int_reg[6]'
INFO: [Synth 8-3886] merging instance 'inst/PROBE_OUT_ALL_INST/G_PROBE_OUT[1].PROBE_OUT0_INST/data_int_reg[5]' (FDRE) to 'inst/PROBE_OUT_ALL_INST/G_PROBE_OUT[1].PROBE_OUT0_INST/data_int_reg[6]'
INFO: [Synth 8-3886] merging instance 'inst/PROBE_OUT_ALL_INST/G_PROBE_OUT[0].PROBE_OUT0_INST/data_int_reg[5]' (FDRE) to 'inst/PROBE_OUT_ALL_INST/G_PROBE_OUT[0].PROBE_OUT0_INST/data_int_reg[6]'
INFO: [Synth 8-3886] merging instance 'inst/PROBE_OUT_ALL_INST/G_PROBE_OUT[7].PROBE_OUT0_INST/data_int_reg[6]' (FDRE) to 'inst/PROBE_OUT_ALL_INST/G_PROBE_OUT[7].PROBE_OUT0_INST/data_int_reg[7]'
INFO: [Synth 8-3886] merging instance 'inst/PROBE_OUT_ALL_INST/G_PROBE_OUT[6].PROBE_OUT0_INST/data_int_reg[6]' (FDRE) to 'inst/PROBE_OUT_ALL_INST/G_PROBE_OUT[6].PROBE_OUT0_INST/data_int_reg[7]'
INFO: [Synth 8-3886] merging instance 'inst/PROBE_OUT_ALL_INST/G_PROBE_OUT[5].PROBE_OUT0_INST/data_int_reg[6]' (FDRE) to 'inst/PROBE_OUT_ALL_INST/G_PROBE_OUT[5].PROBE_OUT0_INST/data_int_reg[7]'
INFO: [Synth 8-3886] merging instance 'inst/PROBE_OUT_ALL_INST/G_PROBE_OUT[2].PROBE_OUT0_INST/data_int_reg[6]' (FDRE) to 'inst/PROBE_OUT_ALL_INST/G_PROBE_OUT[2].PROBE_OUT0_INST/data_int_reg[7]'
INFO: [Synth 8-3886] merging instance 'inst/PROBE_OUT_ALL_INST/G_PROBE_OUT[1].PROBE_OUT0_INST/data_int_reg[6]' (FDRE) to 'inst/PROBE_OUT_ALL_INST/G_PROBE_OUT[1].PROBE_OUT0_INST/data_int_reg[7]'
INFO: [Synth 8-3886] merging instance 'inst/PROBE_OUT_ALL_INST/G_PROBE_OUT[0].PROBE_OUT0_INST/data_int_reg[6]' (FDRE) to 'inst/PROBE_OUT_ALL_INST/G_PROBE_OUT[0].PROBE_OUT0_INST/data_int_reg[7]'
INFO: [Synth 8-3886] merging instance 'inst/PROBE_OUT_ALL_INST/G_PROBE_OUT[7].PROBE_OUT0_INST/data_int_reg[7]' (FDRE) to 'inst/PROBE_OUT_ALL_INST/G_PROBE_OUT[7].PROBE_OUT0_INST/data_int_reg[8]'
INFO: [Synth 8-3886] merging instance 'inst/PROBE_OUT_ALL_INST/G_PROBE_OUT[6].PROBE_OUT0_INST/data_int_reg[7]' (FDRE) to 'inst/PROBE_OUT_ALL_INST/G_PROBE_OUT[6].PROBE_OUT0_INST/data_int_reg[8]'
INFO: [Synth 8-3886] merging instance 'inst/PROBE_OUT_ALL_INST/G_PROBE_OUT[5].PROBE_OUT0_INST/data_int_reg[7]' (FDRE) to 'inst/PROBE_OUT_ALL_INST/G_PROBE_OUT[5].PROBE_OUT0_INST/data_int_reg[8]'
INFO: [Synth 8-3886] merging instance 'inst/PROBE_OUT_ALL_INST/G_PROBE_OUT[2].PROBE_OUT0_INST/data_int_reg[7]' (FDRE) to 'inst/PROBE_OUT_ALL_INST/G_PROBE_OUT[2].PROBE_OUT0_INST/data_int_reg[8]'
INFO: [Synth 8-3886] merging instance 'inst/PROBE_OUT_ALL_INST/G_PROBE_OUT[1].PROBE_OUT0_INST/data_int_reg[7]' (FDRE) to 'inst/PROBE_OUT_ALL_INST/G_PROBE_OUT[1].PROBE_OUT0_INST/data_int_reg[8]'
INFO: [Synth 8-3886] merging instance 'inst/PROBE_OUT_ALL_INST/G_PROBE_OUT[0].PROBE_OUT0_INST/data_int_reg[7]' (FDRE) to 'inst/PROBE_OUT_ALL_INST/G_PROBE_OUT[0].PROBE_OUT0_INST/data_int_reg[8]'
INFO: [Synth 8-3886] merging instance 'inst/PROBE_OUT_ALL_INST/G_PROBE_OUT[7].PROBE_OUT0_INST/data_int_reg[8]' (FDRE) to 'inst/PROBE_OUT_ALL_INST/G_PROBE_OUT[7].PROBE_OUT0_INST/data_int_reg[9]'
INFO: [Synth 8-3886] merging instance 'inst/PROBE_OUT_ALL_INST/G_PROBE_OUT[6].PROBE_OUT0_INST/data_int_reg[8]' (FDRE) to 'inst/PROBE_OUT_ALL_INST/G_PROBE_OUT[6].PROBE_OUT0_INST/data_int_reg[9]'
INFO: [Synth 8-3886] merging instance 'inst/PROBE_OUT_ALL_INST/G_PROBE_OUT[5].PROBE_OUT0_INST/data_int_reg[8]' (FDRE) to 'inst/PROBE_OUT_ALL_INST/G_PROBE_OUT[5].PROBE_OUT0_INST/data_int_reg[9]'
INFO: [Synth 8-3886] merging instance 'inst/PROBE_OUT_ALL_INST/G_PROBE_OUT[2].PROBE_OUT0_INST/data_int_reg[8]' (FDRE) to 'inst/PROBE_OUT_ALL_INST/G_PROBE_OUT[2].PROBE_OUT0_INST/data_int_reg[9]'
INFO: [Synth 8-3886] merging instance 'inst/PROBE_OUT_ALL_INST/G_PROBE_OUT[1].PROBE_OUT0_INST/data_int_reg[8]' (FDRE) to 'inst/PROBE_OUT_ALL_INST/G_PROBE_OUT[1].PROBE_OUT0_INST/data_int_reg[9]'
INFO: [Synth 8-3886] merging instance 'inst/PROBE_OUT_ALL_INST/G_PROBE_OUT[0].PROBE_OUT0_INST/data_int_reg[8]' (FDRE) to 'inst/PROBE_OUT_ALL_INST/G_PROBE_OUT[0].PROBE_OUT0_INST/data_int_reg[9]'
INFO: [Synth 8-3886] merging instance 'inst/PROBE_OUT_ALL_INST/G_PROBE_OUT[7].PROBE_OUT0_INST/data_int_reg[9]' (FDRE) to 'inst/PROBE_OUT_ALL_INST/G_PROBE_OUT[7].PROBE_OUT0_INST/data_int_reg[10]'
INFO: [Synth 8-3886] merging instance 'inst/PROBE_OUT_ALL_INST/G_PROBE_OUT[6].PROBE_OUT0_INST/data_int_reg[9]' (FDRE) to 'inst/PROBE_OUT_ALL_INST/G_PROBE_OUT[6].PROBE_OUT0_INST/data_int_reg[10]'
INFO: [Synth 8-3886] merging instance 'inst/PROBE_OUT_ALL_INST/G_PROBE_OUT[5].PROBE_OUT0_INST/data_int_reg[9]' (FDRE) to 'inst/PROBE_OUT_ALL_INST/G_PROBE_OUT[5].PROBE_OUT0_INST/data_int_reg[10]'
INFO: [Synth 8-3886] merging instance 'inst/PROBE_OUT_ALL_INST/G_PROBE_OUT[2].PROBE_OUT0_INST/data_int_reg[9]' (FDRE) to 'inst/PROBE_OUT_ALL_INST/G_PROBE_OUT[2].PROBE_OUT0_INST/data_int_reg[10]'
INFO: [Synth 8-3886] merging instance 'inst/PROBE_OUT_ALL_INST/G_PROBE_OUT[1].PROBE_OUT0_INST/data_int_reg[9]' (FDRE) to 'inst/PROBE_OUT_ALL_INST/G_PROBE_OUT[1].PROBE_OUT0_INST/data_int_reg[10]'
INFO: [Synth 8-3886] merging instance 'inst/PROBE_OUT_ALL_INST/G_PROBE_OUT[0].PROBE_OUT0_INST/data_int_reg[9]' (FDRE) to 'inst/PROBE_OUT_ALL_INST/G_PROBE_OUT[0].PROBE_OUT0_INST/data_int_reg[10]'
INFO: [Synth 8-3886] merging instance 'inst/PROBE_OUT_ALL_INST/G_PROBE_OUT[7].PROBE_OUT0_INST/data_int_reg[10]' (FDRE) to 'inst/PROBE_OUT_ALL_INST/G_PROBE_OUT[7].PROBE_OUT0_INST/data_int_reg[11]'
INFO: [Synth 8-3886] merging instance 'inst/PROBE_OUT_ALL_INST/G_PROBE_OUT[6].PROBE_OUT0_INST/data_int_reg[10]' (FDRE) to 'inst/PROBE_OUT_ALL_INST/G_PROBE_OUT[6].PROBE_OUT0_INST/data_int_reg[11]'
INFO: [Synth 8-3886] merging instance 'inst/PROBE_OUT_ALL_INST/G_PROBE_OUT[5].PROBE_OUT0_INST/data_int_reg[10]' (FDRE) to 'inst/PROBE_OUT_ALL_INST/G_PROBE_OUT[5].PROBE_OUT0_INST/data_int_reg[11]'
INFO: [Synth 8-3886] merging instance 'inst/PROBE_OUT_ALL_INST/G_PROBE_OUT[2].PROBE_OUT0_INST/data_int_reg[10]' (FDRE) to 'inst/PROBE_OUT_ALL_INST/G_PROBE_OUT[2].PROBE_OUT0_INST/data_int_reg[11]'
INFO: [Synth 8-3886] merging instance 'inst/PROBE_OUT_ALL_INST/G_PROBE_OUT[1].PROBE_OUT0_INST/data_int_reg[10]' (FDRE) to 'inst/PROBE_OUT_ALL_INST/G_PROBE_OUT[1].PROBE_OUT0_INST/data_int_reg[11]'
INFO: [Synth 8-3886] merging instance 'inst/PROBE_OUT_ALL_INST/G_PROBE_OUT[0].PROBE_OUT0_INST/data_int_reg[10]' (FDRE) to 'inst/PROBE_OUT_ALL_INST/G_PROBE_OUT[0].PROBE_OUT0_INST/data_int_reg[11]'
INFO: [Synth 8-3886] merging instance 'inst/PROBE_OUT_ALL_INST/G_PROBE_OUT[7].PROBE_OUT0_INST/data_int_reg[11]' (FDRE) to 'inst/PROBE_OUT_ALL_INST/G_PROBE_OUT[7].PROBE_OUT0_INST/data_int_reg[12]'
INFO: [Synth 8-3886] merging instance 'inst/PROBE_OUT_ALL_INST/G_PROBE_OUT[6].PROBE_OUT0_INST/data_int_reg[11]' (FDRE) to 'inst/PROBE_OUT_ALL_INST/G_PROBE_OUT[6].PROBE_OUT0_INST/data_int_reg[12]'
INFO: [Synth 8-3886] merging instance 'inst/PROBE_OUT_ALL_INST/G_PROBE_OUT[5].PROBE_OUT0_INST/data_int_reg[11]' (FDRE) to 'inst/PROBE_OUT_ALL_INST/G_PROBE_OUT[5].PROBE_OUT0_INST/data_int_reg[12]'
INFO: [Synth 8-3886] merging instance 'inst/PROBE_OUT_ALL_INST/G_PROBE_OUT[2].PROBE_OUT0_INST/data_int_reg[11]' (FDRE) to 'inst/PROBE_OUT_ALL_INST/G_PROBE_OUT[2].PROBE_OUT0_INST/data_int_reg[12]'
INFO: [Synth 8-3886] merging instance 'inst/PROBE_OUT_ALL_INST/G_PROBE_OUT[1].PROBE_OUT0_INST/data_int_reg[11]' (FDRE) to 'inst/PROBE_OUT_ALL_INST/G_PROBE_OUT[1].PROBE_OUT0_INST/data_int_reg[12]'
INFO: [Synth 8-3886] merging instance 'inst/PROBE_OUT_ALL_INST/G_PROBE_OUT[0].PROBE_OUT0_INST/data_int_reg[11]' (FDRE) to 'inst/PROBE_OUT_ALL_INST/G_PROBE_OUT[0].PROBE_OUT0_INST/data_int_reg[12]'
INFO: [Synth 8-3886] merging instance 'inst/PROBE_OUT_ALL_INST/G_PROBE_OUT[7].PROBE_OUT0_INST/data_int_reg[12]' (FDRE) to 'inst/PROBE_OUT_ALL_INST/G_PROBE_OUT[7].PROBE_OUT0_INST/data_int_reg[13]'
INFO: [Synth 8-3886] merging instance 'inst/PROBE_OUT_ALL_INST/G_PROBE_OUT[6].PROBE_OUT0_INST/data_int_reg[12]' (FDRE) to 'inst/PROBE_OUT_ALL_INST/G_PROBE_OUT[6].PROBE_OUT0_INST/data_int_reg[13]'
INFO: [Synth 8-3886] merging instance 'inst/PROBE_OUT_ALL_INST/G_PROBE_OUT[5].PROBE_OUT0_INST/data_int_reg[12]' (FDRE) to 'inst/PROBE_OUT_ALL_INST/G_PROBE_OUT[5].PROBE_OUT0_INST/data_int_reg[13]'
INFO: [Synth 8-3886] merging instance 'inst/PROBE_OUT_ALL_INST/G_PROBE_OUT[2].PROBE_OUT0_INST/data_int_reg[12]' (FDRE) to 'inst/PROBE_OUT_ALL_INST/G_PROBE_OUT[2].PROBE_OUT0_INST/data_int_reg[13]'
INFO: [Synth 8-3886] merging instance 'inst/PROBE_OUT_ALL_INST/G_PROBE_OUT[1].PROBE_OUT0_INST/data_int_reg[12]' (FDRE) to 'inst/PROBE_OUT_ALL_INST/G_PROBE_OUT[1].PROBE_OUT0_INST/data_int_reg[13]'
INFO: [Synth 8-3886] merging instance 'inst/PROBE_OUT_ALL_INST/G_PROBE_OUT[0].PROBE_OUT0_INST/data_int_reg[12]' (FDRE) to 'inst/PROBE_OUT_ALL_INST/G_PROBE_OUT[0].PROBE_OUT0_INST/data_int_reg[13]'
INFO: [Synth 8-3886] merging instance 'inst/PROBE_OUT_ALL_INST/G_PROBE_OUT[7].PROBE_OUT0_INST/data_int_reg[13]' (FDRE) to 'inst/PROBE_OUT_ALL_INST/G_PROBE_OUT[7].PROBE_OUT0_INST/data_int_reg[14]'
INFO: [Synth 8-3886] merging instance 'inst/PROBE_OUT_ALL_INST/G_PROBE_OUT[6].PROBE_OUT0_INST/data_int_reg[13]' (FDRE) to 'inst/PROBE_OUT_ALL_INST/G_PROBE_OUT[6].PROBE_OUT0_INST/data_int_reg[14]'
INFO: [Synth 8-3886] merging instance 'inst/PROBE_OUT_ALL_INST/G_PROBE_OUT[5].PROBE_OUT0_INST/data_int_reg[13]' (FDRE) to 'inst/PROBE_OUT_ALL_INST/G_PROBE_OUT[5].PROBE_OUT0_INST/data_int_reg[14]'
INFO: [Synth 8-3886] merging instance 'inst/PROBE_OUT_ALL_INST/G_PROBE_OUT[2].PROBE_OUT0_INST/data_int_reg[13]' (FDRE) to 'inst/PROBE_OUT_ALL_INST/G_PROBE_OUT[2].PROBE_OUT0_INST/data_int_reg[14]'
INFO: [Synth 8-3886] merging instance 'inst/PROBE_OUT_ALL_INST/G_PROBE_OUT[1].PROBE_OUT0_INST/data_int_reg[13]' (FDRE) to 'inst/PROBE_OUT_ALL_INST/G_PROBE_OUT[1].PROBE_OUT0_INST/data_int_reg[14]'
INFO: [Synth 8-3886] merging instance 'inst/PROBE_OUT_ALL_INST/G_PROBE_OUT[0].PROBE_OUT0_INST/data_int_reg[13]' (FDRE) to 'inst/PROBE_OUT_ALL_INST/G_PROBE_OUT[0].PROBE_OUT0_INST/data_int_reg[14]'
INFO: [Synth 8-3886] merging instance 'inst/PROBE_OUT_ALL_INST/G_PROBE_OUT[7].PROBE_OUT0_INST/data_int_reg[14]' (FDRE) to 'inst/PROBE_OUT_ALL_INST/G_PROBE_OUT[7].PROBE_OUT0_INST/data_int_reg[15]'
INFO: [Synth 8-3886] merging instance 'inst/PROBE_OUT_ALL_INST/G_PROBE_OUT[6].PROBE_OUT0_INST/data_int_reg[14]' (FDRE) to 'inst/PROBE_OUT_ALL_INST/G_PROBE_OUT[6].PROBE_OUT0_INST/data_int_reg[15]'
INFO: [Synth 8-3886] merging instance 'inst/PROBE_OUT_ALL_INST/G_PROBE_OUT[5].PROBE_OUT0_INST/data_int_reg[14]' (FDRE) to 'inst/PROBE_OUT_ALL_INST/G_PROBE_OUT[5].PROBE_OUT0_INST/data_int_reg[15]'
INFO: [Synth 8-3886] merging instance 'inst/PROBE_OUT_ALL_INST/G_PROBE_OUT[2].PROBE_OUT0_INST/data_int_reg[14]' (FDRE) to 'inst/PROBE_OUT_ALL_INST/G_PROBE_OUT[2].PROBE_OUT0_INST/data_int_reg[15]'
INFO: [Synth 8-3886] merging instance 'inst/PROBE_OUT_ALL_INST/G_PROBE_OUT[1].PROBE_OUT0_INST/data_int_reg[14]' (FDRE) to 'inst/PROBE_OUT_ALL_INST/G_PROBE_OUT[1].PROBE_OUT0_INST/data_int_reg[15]'
INFO: [Synth 8-3886] merging instance 'inst/PROBE_OUT_ALL_INST/G_PROBE_OUT[0].PROBE_OUT0_INST/data_int_reg[14]' (FDRE) to 'inst/PROBE_OUT_ALL_INST/G_PROBE_OUT[0].PROBE_OUT0_INST/data_int_reg[15]'
INFO: [Synth 8-3333] propagating constant 0 across sequential element (inst/\PROBE_OUT_ALL_INST/G_PROBE_OUT[7].PROBE_OUT0_INST/data_int_reg[15] )
INFO: [Synth 8-3333] propagating constant 0 across sequential element (inst/\PROBE_OUT_ALL_INST/G_PROBE_OUT[6].PROBE_OUT0_INST/data_int_reg[15] )
INFO: [Synth 8-3333] propagating constant 0 across sequential element (inst/\PROBE_OUT_ALL_INST/G_PROBE_OUT[5].PROBE_OUT0_INST/data_int_reg[15] )
INFO: [Synth 8-3333] propagating constant 0 across sequential element (inst/\PROBE_OUT_ALL_INST/G_PROBE_OUT[2].PROBE_OUT0_INST/data_int_reg[15] )
INFO: [Synth 8-3333] propagating constant 0 across sequential element (inst/\PROBE_OUT_ALL_INST/G_PROBE_OUT[1].PROBE_OUT0_INST/data_int_reg[15] )
INFO: [Synth 8-3333] propagating constant 0 across sequential element (inst/\PROBE_OUT_ALL_INST/G_PROBE_OUT[0].PROBE_OUT0_INST/data_int_reg[15] )
INFO: [Synth 8-3886] merging instance 'inst/PROBE_OUT_WIDTH_INST/probe_width_int_reg[0]' (FD) to 'inst/PROBE_OUT_WIDTH_INST/probe_width_int_reg[1]'
INFO: [Synth 8-3886] merging instance 'inst/PROBE_OUT_WIDTH_INST/probe_width_int_reg[1]' (FD) to 'inst/PROBE_OUT_WIDTH_INST/probe_width_int_reg[2]'
INFO: [Synth 8-3886] merging instance 'inst/PROBE_IN_WIDTH_INST/probe_width_int_reg[1]' (FD) to 'inst/PROBE_IN_WIDTH_INST/probe_width_int_reg[9]'
INFO: [Synth 8-3886] merging instance 'inst/PROBE_OUT_WIDTH_INST/probe_width_int_reg[2]' (FD) to 'inst/PROBE_OUT_WIDTH_INST/probe_width_int_reg[4]'
INFO: [Synth 8-3886] merging instance 'inst/PROBE_IN_WIDTH_INST/probe_width_int_reg[2]' (FD) to 'inst/PROBE_IN_WIDTH_INST/probe_width_int_reg[10]'
INFO: [Synth 8-3886] merging instance 'inst/PROBE_OUT_WIDTH_INST/probe_width_int_reg[3]' (FD) to 'inst/PROBE_OUT_WIDTH_INST/probe_width_int_reg[12]'
INFO: [Synth 8-3886] merging instance 'inst/PROBE_IN_WIDTH_INST/probe_width_int_reg[3]' (FD) to 'inst/PROBE_IN_WIDTH_INST/probe_width_int_reg[4]'
INFO: [Synth 8-3886] merging instance 'inst/PROBE_IN_WIDTH_INST/probe_width_int_reg[4]' (FD) to 'inst/PROBE_IN_WIDTH_INST/probe_width_int_reg[11]'
INFO: [Synth 8-3886] merging instance 'inst/PROBE_OUT_WIDTH_INST/probe_width_int_reg[5]' (FD) to 'inst/PROBE_OUT_WIDTH_INST/probe_width_int_reg[12]'
INFO: [Synth 8-3886] merging instance 'inst/PROBE_IN_WIDTH_INST/probe_width_int_reg[5]' (FD) to 'inst/PROBE_OUT_WIDTH_INST/probe_width_int_reg[12]'
INFO: [Synth 8-3886] merging instance 'inst/PROBE_OUT_WIDTH_INST/probe_width_int_reg[6]' (FD) to 'inst/PROBE_OUT_WIDTH_INST/probe_width_int_reg[12]'
INFO: [Synth 8-3886] merging instance 'inst/PROBE_IN_WIDTH_INST/probe_width_int_reg[6]' (FD) to 'inst/PROBE_OUT_WIDTH_INST/probe_width_int_reg[12]'
INFO: [Synth 8-3886] merging instance 'inst/PROBE_OUT_WIDTH_INST/probe_width_int_reg[7]' (FD) to 'inst/PROBE_OUT_WIDTH_INST/probe_width_int_reg[12]'
INFO: [Synth 8-3886] merging instance 'inst/PROBE_IN_WIDTH_INST/probe_width_int_reg[7]' (FD) to 'inst/PROBE_OUT_WIDTH_INST/probe_width_int_reg[12]'
INFO: [Synth 8-3886] merging instance 'inst/PROBE_OUT_WIDTH_INST/probe_width_int_reg[8]' (FD) to 'inst/PROBE_OUT_WIDTH_INST/probe_width_int_reg[12]'
INFO: [Synth 8-3886] merging instance 'inst/PROBE_OUT_WIDTH_INST/probe_width_int_reg[9]' (FD) to 'inst/PROBE_OUT_WIDTH_INST/probe_width_int_reg[13]'
INFO: [Common 17-14] Message 'Synth 8-3886' appears 100 times and further instances of the messages will be disabled. Use the Tcl command set_msg_config to change the current settings.
INFO: [Synth 8-3333] propagating constant 0 across sequential element (inst/\PROBE_OUT_WIDTH_INST/probe_width_int_reg[12] )
INFO: [Synth 8-3332] Sequential element (DECODER_INST/wr_en_reg[3]) is unused and will be removed from module vio_v3_0_17_vio.
INFO: [Synth 8-3332] Sequential element (DECODER_INST/wr_en_reg[1]) is unused and will be removed from module vio_v3_0_17_vio.
INFO: [Synth 8-3332] Sequential element (DECODER_INST/wr_en_reg[0]) is unused and will be removed from module vio_v3_0_17_vio.
INFO: [Synth 8-3332] Sequential element (DECODER_INST/rd_en_reg[4]) is unused and will be removed from module vio_v3_0_17_vio.
INFO: [Synth 8-3332] Sequential element (DECODER_INST/rd_en_reg[3]) is unused and will be removed from module vio_v3_0_17_vio.
INFO: [Synth 8-3332] Sequential element (DECODER_INST/rd_en_reg[2]) is unused and will be removed from module vio_v3_0_17_vio.
INFO: [Synth 8-3332] Sequential element (DECODER_INST/rd_en_reg[1]) is unused and will be removed from module vio_v3_0_17_vio.
INFO: [Synth 8-3332] Sequential element (DECODER_INST/rd_en_reg[0]) is unused and will be removed from module vio_v3_0_17_vio.
INFO: [Synth 8-3332] Sequential element (PROBE_OUT_ALL_INST/G_PROBE_OUT[0].PROBE_OUT0_INST/data_int_reg[15]) is unused and will be removed from module vio_v3_0_17_vio.
INFO: [Synth 8-3332] Sequential element (PROBE_OUT_ALL_INST/G_PROBE_OUT[1].PROBE_OUT0_INST/data_int_reg[15]) is unused and will be removed from module vio_v3_0_17_vio.
INFO: [Synth 8-3332] Sequential element (PROBE_OUT_ALL_INST/G_PROBE_OUT[2].PROBE_OUT0_INST/data_int_reg[15]) is unused and will be removed from module vio_v3_0_17_vio.
INFO: [Synth 8-3332] Sequential element (PROBE_OUT_ALL_INST/G_PROBE_OUT[5].PROBE_OUT0_INST/data_int_reg[15]) is unused and will be removed from module vio_v3_0_17_vio.
INFO: [Synth 8-3332] Sequential element (PROBE_OUT_ALL_INST/G_PROBE_OUT[6].PROBE_OUT0_INST/data_int_reg[15]) is unused and will be removed from module vio_v3_0_17_vio.
INFO: [Synth 8-3332] Sequential element (PROBE_OUT_ALL_INST/G_PROBE_OUT[7].PROBE_OUT0_INST/data_int_reg[15]) is unused and will be removed from module vio_v3_0_17_vio.
INFO: [Synth 8-3332] Sequential element (PROBE_OUT_WIDTH_INST/probe_width_int_reg[12]) is unused and will be removed from module vio_v3_0_17_vio.
---------------------------------------------------------------------------------
Finished Cross Boundary and Area Optimization : Time (s): cpu = 00:00:30 ; elapsed = 00:00:32 . Memory (MB): peak = 906.051 ; gain = 570.254
---------------------------------------------------------------------------------

Report RTL Partitions: 
+-+--------------+------------+----------+
| |RTL Partition |Replication |Instances |
+-+--------------+------------+----------+
+-+--------------+------------+----------+
---------------------------------------------------------------------------------
Start Applying XDC Timing Constraints
---------------------------------------------------------------------------------
---------------------------------------------------------------------------------
Finished Applying XDC Timing Constraints : Time (s): cpu = 00:00:39 ; elapsed = 00:00:41 . Memory (MB): peak = 906.051 ; gain = 570.254
---------------------------------------------------------------------------------
---------------------------------------------------------------------------------
Start Timing Optimization
---------------------------------------------------------------------------------
---------------------------------------------------------------------------------
Finished Timing Optimization : Time (s): cpu = 00:00:39 ; elapsed = 00:00:41 . Memory (MB): peak = 906.051 ; gain = 570.254
---------------------------------------------------------------------------------

Report RTL Partitions: 
+-+--------------+------------+----------+
| |RTL Partition |Replication |Instances |
+-+--------------+------------+----------+
+-+--------------+------------+----------+
---------------------------------------------------------------------------------
Start Technology Mapping
---------------------------------------------------------------------------------
---------------------------------------------------------------------------------
Finished Technology Mapping : Time (s): cpu = 00:00:40 ; elapsed = 00:00:42 . Memory (MB): peak = 924.504 ; gain = 588.707
---------------------------------------------------------------------------------

Report RTL Partitions: 
+-+--------------+------------+----------+
| |RTL Partition |Replication |Instances |
+-+--------------+------------+----------+
+-+--------------+------------+----------+
---------------------------------------------------------------------------------
Start IO Insertion
---------------------------------------------------------------------------------
---------------------------------------------------------------------------------
Start Flattening Before IO Insertion
---------------------------------------------------------------------------------
---------------------------------------------------------------------------------
Finished Flattening Before IO Insertion
---------------------------------------------------------------------------------
---------------------------------------------------------------------------------
Start Final Netlist Cleanup
---------------------------------------------------------------------------------
INFO: [Synth 8-4618] Found max_fanout attribute set to 200 on net \PROBE_IN_INST/read_done . Fanout reduced from 218 to 109 by creating 1 replicas.
INFO: [Synth 8-3332] Sequential element (PROBE_OUT_ALL_INST/G_PROBE_OUT[4].PROBE_OUT0_INST/addr_count_reg[1]) is unused and will be removed from module vio_v3_0_17_vio.
---------------------------------------------------------------------------------
Finished Final Netlist Cleanup
---------------------------------------------------------------------------------
WARNING: [Synth 8-3295] tying undriven pin inst:sl_iport0[36] to constant 0
WARNING: [Synth 8-3295] tying undriven pin inst:sl_iport0[35] to constant 0
WARNING: [Synth 8-3295] tying undriven pin inst:sl_iport0[34] to constant 0
WARNING: [Synth 8-3295] tying undriven pin inst:sl_iport0[33] to constant 0
WARNING: [Synth 8-3295] tying undriven pin inst:sl_iport0[32] to constant 0
WARNING: [Synth 8-3295] tying undriven pin inst:sl_iport0[31] to constant 0
WARNING: [Synth 8-3295] tying undriven pin inst:sl_iport0[30] to constant 0
WARNING: [Synth 8-3295] tying undriven pin inst:sl_iport0[29] to constant 0
WARNING: [Synth 8-3295] tying undriven pin inst:sl_iport0[28] to constant 0
WARNING: [Synth 8-3295] tying undriven pin inst:sl_iport0[27] to constant 0
WARNING: [Synth 8-3295] tying undriven pin inst:sl_iport0[26] to constant 0
WARNING: [Synth 8-3295] tying undriven pin inst:sl_iport0[25] to constant 0
WARNING: [Synth 8-3295] tying undriven pin inst:sl_iport0[24] to constant 0
WARNING: [Synth 8-3295] tying undriven pin inst:sl_iport0[23] to constant 0
WARNING: [Synth 8-3295] tying undriven pin inst:sl_iport0[22] to constant 0
WARNING: [Synth 8-3295] tying undriven pin inst:sl_iport0[21] to constant 0
WARNING: [Synth 8-3295] tying undriven pin inst:sl_iport0[20] to constant 0
WARNING: [Synth 8-3295] tying undriven pin inst:sl_iport0[19] to constant 0
WARNING: [Synth 8-3295] tying undriven pin inst:sl_iport0[18] to constant 0
WARNING: [Synth 8-3295] tying undriven pin inst:sl_iport0[17] to constant 0
WARNING: [Synth 8-3295] tying undriven pin inst:sl_iport0[16] to constant 0
WARNING: [Synth 8-3295] tying undriven pin inst:sl_iport0[15] to constant 0
WARNING: [Synth 8-3295] tying undriven pin inst:sl_iport0[14] to constant 0
WARNING: [Synth 8-3295] tying undriven pin inst:sl_iport0[13] to constant 0
WARNING: [Synth 8-3295] tying undriven pin inst:sl_iport0[12] to constant 0
WARNING: [Synth 8-3295] tying undriven pin inst:sl_iport0[11] to constant 0
WARNING: [Synth 8-3295] tying undriven pin inst:sl_iport0[10] to constant 0
WARNING: [Synth 8-3295] tying undriven pin inst:sl_iport0[9] to constant 0
WARNING: [Synth 8-3295] tying undriven pin inst:sl_iport0[8] to constant 0
WARNING: [Synth 8-3295] tying undriven pin inst:sl_iport0[7] to constant 0
WARNING: [Synth 8-3295] tying undriven pin inst:sl_iport0[6] to constant 0
WARNING: [Synth 8-3295] tying undriven pin inst:sl_iport0[5] to constant 0
WARNING: [Synth 8-3295] tying undriven pin inst:sl_iport0[4] to constant 0
WARNING: [Synth 8-3295] tying undriven pin inst:sl_iport0[3] to constant 0
WARNING: [Synth 8-3295] tying undriven pin inst:sl_iport0[2] to constant 0
WARNING: [Synth 8-3295] tying undriven pin inst:sl_iport0[1] to constant 0
WARNING: [Synth 8-3295] tying undriven pin inst:sl_iport0[0] to constant 0
---------------------------------------------------------------------------------
Finished IO Insertion : Time (s): cpu = 00:00:41 ; elapsed = 00:00:43 . Memory (MB): peak = 924.504 ; gain = 588.707
---------------------------------------------------------------------------------

Report Check Netlist: 
+------+------------------+-------+---------+-------+------------------+
|      |Item              |Errors |Warnings |Status |Description       |
+------+------------------+-------+---------+-------+------------------+
|1     |multi_driven_nets |      0|        0|Passed |Multi driven nets |
+------+------------------+-------+---------+-------+------------------+
---------------------------------------------------------------------------------
Start Renaming Generated Instances
---------------------------------------------------------------------------------
---------------------------------------------------------------------------------
Finished Renaming Generated Instances : Time (s): cpu = 00:00:41 ; elapsed = 00:00:43 . Memory (MB): peak = 924.504 ; gain = 588.707
---------------------------------------------------------------------------------

Report RTL Partitions: 
+-+--------------+------------+----------+
| |RTL Partition |Replication |Instances |
+-+--------------+------------+----------+
+-+--------------+------------+----------+
---------------------------------------------------------------------------------
Start Rebuilding User Hierarchy
---------------------------------------------------------------------------------
---------------------------------------------------------------------------------
Finished Rebuilding User Hierarchy : Time (s): cpu = 00:00:41 ; elapsed = 00:00:43 . Memory (MB): peak = 924.504 ; gain = 588.707
---------------------------------------------------------------------------------
---------------------------------------------------------------------------------
Start Renaming Generated Ports
---------------------------------------------------------------------------------
---------------------------------------------------------------------------------
Finished Renaming Generated Ports : Time (s): cpu = 00:00:41 ; elapsed = 00:00:43 . Memory (MB): peak = 924.504 ; gain = 588.707
---------------------------------------------------------------------------------
---------------------------------------------------------------------------------
Start Handling Custom Attributes
---------------------------------------------------------------------------------
---------------------------------------------------------------------------------
Finished Handling Custom Attributes : Time (s): cpu = 00:00:41 ; elapsed = 00:00:43 . Memory (MB): peak = 924.504 ; gain = 588.707
---------------------------------------------------------------------------------
---------------------------------------------------------------------------------
Start Renaming Generated Nets
---------------------------------------------------------------------------------
---------------------------------------------------------------------------------
Finished Renaming Generated Nets : Time (s): cpu = 00:00:41 ; elapsed = 00:00:43 . Memory (MB): peak = 924.504 ; gain = 588.707
---------------------------------------------------------------------------------
---------------------------------------------------------------------------------
Start Writing Synthesis Report
---------------------------------------------------------------------------------

Report BlackBoxes: 
+-+--------------+----------+
| |BlackBox name |Instances |
+-+--------------+----------+
+-+--------------+----------+

Report Cell Usage: 
+------+------+------+
|      |Cell  |Count |
+------+------+------+
|1     |LUT1  |     4|
|2     |LUT2  |     9|
|3     |LUT3  |   329|
|4     |LUT4  |    14|
|5     |LUT5  |    70|
|6     |LUT6  |   167|
|7     |MUXF7 |    33|
|8     |MUXF8 |     7|
|9     |FDRE  |  1003|
|10    |FDSE  |    20|
+------+------+------+

Report Instance Areas: 
+------+---------------------------------------+--------------------------------------------+------+
|      |Instance                               |Module                                      |Cells |
+------+---------------------------------------+--------------------------------------------+------+
|1     |top                                    |                                            |  1656|
|2     |  inst                                 |vio_v3_0_17_vio                             |  1656|
|3     |    U_XSDB_SLAVE                       |xsdbs_v1_0_2_xsdbs                          |   248|
|4     |    DECODER_INST                       |vio_v3_0_17_decoder                         |    91|
|5     |    PROBE_IN_INST                      |vio_v3_0_17_probe_in_one                    |   934|
|6     |    PROBE_IN_WIDTH_INST                |vio_v3_0_17_probe_width                     |    19|
|7     |    PROBE_OUT_ALL_INST                 |vio_v3_0_17_probe_out_all                   |   340|
|8     |      \G_PROBE_OUT[0].PROBE_OUT0_INST  |vio_v3_0_17_probe_out_one                   |     3|
|9     |      \G_PROBE_OUT[1].PROBE_OUT0_INST  |vio_v3_0_17_probe_out_one_0                 |     3|
|10    |      \G_PROBE_OUT[2].PROBE_OUT0_INST  |vio_v3_0_17_probe_out_one_1                 |     3|
|11    |      \G_PROBE_OUT[3].PROBE_OUT0_INST  |vio_v3_0_17_probe_out_one__parameterized0   |   153|
|12    |      \G_PROBE_OUT[4].PROBE_OUT0_INST  |vio_v3_0_17_probe_out_one__parameterized1   |   110|
|13    |      \G_PROBE_OUT[5].PROBE_OUT0_INST  |vio_v3_0_17_probe_out_one__parameterized2   |     3|
|14    |      \G_PROBE_OUT[6].PROBE_OUT0_INST  |vio_v3_0_17_probe_out_one__parameterized2_2 |     3|
|15    |      \G_PROBE_OUT[7].PROBE_OUT0_INST  |vio_v3_0_17_probe_out_one__parameterized2_3 |     3|
|16    |    PROBE_OUT_WIDTH_INST               |vio_v3_0_17_probe_width__parameterized0     |     8|
+------+---------------------------------------+--------------------------------------------+------+
---------------------------------------------------------------------------------
Finished Writing Synthesis Report : Time (s): cpu = 00:00:41 ; elapsed = 00:00:43 . Memory (MB): peak = 924.504 ; gain = 588.707
---------------------------------------------------------------------------------
Synthesis finished with 0 errors, 0 critical warnings and 276 warnings.
Synthesis Optimization Runtime : Time (s): cpu = 00:00:20 ; elapsed = 00:00:37 . Memory (MB): peak = 924.504 ; gain = 298.160
Synthesis Optimization Complete : Time (s): cpu = 00:00:41 ; elapsed = 00:00:43 . Memory (MB): peak = 924.504 ; gain = 588.707
INFO: [Project 1-571] Translating synthesized netlist
INFO: [Netlist 29-17] Analyzing 40 Unisim elements for replacement
INFO: [Netlist 29-28] Unisim Transformation completed in 0 CPU seconds
INFO: [Project 1-570] Preparing netlist for logic optimization
INFO: [Opt 31-138] Pushed 0 inverter(s) to 0 load pin(s).
INFO: [Project 1-111] Unisim Transformation Summary:
No Unisim elements were transformed.

INFO: [Common 17-83] Releasing license: Synthesis
177 Infos, 175 Warnings, 0 Critical Warnings and 0 Errors encountered.
synth_design completed successfully
synth_design: Time (s): cpu = 00:00:42 ; elapsed = 00:00:45 . Memory (MB): peak = 931.500 ; gain = 595.703
INFO: [Common 17-1381] The checkpoint 'C:/Projects/A_Series_7/LvdsSourceSync/Xapp585/DdrVhdlVersion/Libraries/Vio_Lib/managed_ip_project/managed_ip_project.runs/Ctrl_Vio_synth_1/Ctrl_Vio.dcp' has been generated.
INFO: [Coretcl 2-1482] Added synthesis output to IP cache for IP c:/Projects/A_Series_7/LvdsSourceSync/Xapp585/DdrVhdlVersion/Libraries/Vio_Lib/Ctrl_Vio/Ctrl_Vio.xci
INFO: [Coretcl 2-1174] Renamed 15 cell refs.
INFO: [Common 17-1381] The checkpoint 'C:/Projects/A_Series_7/LvdsSourceSync/Xapp585/DdrVhdlVersion/Libraries/Vio_Lib/managed_ip_project/managed_ip_project.runs/Ctrl_Vio_synth_1/Ctrl_Vio.dcp' has been generated.
INFO: [runtcl-4] Executing : report_utilization -file Ctrl_Vio_utilization_synth.rpt -pb Ctrl_Vio_utilization_synth.pb
report_utilization: Time (s): cpu = 00:00:00 ; elapsed = 00:00:00.141 . Memory (MB): peak = 931.500 ; gain = 0.000
INFO: [Common 17-206] Exiting Vivado at Tue Mar 13 15:39:16 2018...
[Tue Mar 13 15:39:19 2018] Ctrl_Vio_synth_1 finished
wait_on_run: Time (s): cpu = 00:00:01 ; elapsed = 00:01:05 . Memory (MB): peak = 931.191 ; gain = 0.000
export_simulation -of_objects [get_files C:/Projects/A_Series_7/LvdsSourceSync/Xapp585/DdrVhdlVersion/Libraries/Vio_Lib/Ctrl_Vio/Ctrl_Vio.xci] -directory C:/Projects/A_Series_7/LvdsSourceSync/Xapp585/DdrVhdlVersion/Libraries/Vio_Lib/ip_user_files/sim_scripts -ip_user_files_dir C:/Projects/A_Series_7/LvdsSourceSync/Xapp585/DdrVhdlVersion/Libraries/Vio_Lib/ip_user_files -ipstatic_source_dir C:/Projects/A_Series_7/LvdsSourceSync/Xapp585/DdrVhdlVersion/Libraries/Vio_Lib/ip_user_files/ipstatic -lib_map_path [list {modelsim=C:/Projects/A_Series_7/LvdsSourceSync/Xapp585/DdrVhdlVersion/Libraries/Vio_Lib/managed_ip_project/managed_ip_project.cache/compile_simlib/modelsim} {questa=C:/CaeTools/SimLibraries} {riviera=C:/Projects/A_Series_7/LvdsSourceSync/Xapp585/DdrVhdlVersion/Libraries/Vio_Lib/managed_ip_project/managed_ip_project.cache/compile_simlib/riviera} {activehdl=C:/Projects/A_Series_7/LvdsSourceSync/Xapp585/DdrVhdlVersion/Libraries/Vio_Lib/managed_ip_project/managed_ip_project.cache/compile_simlib/activehdl}] -use_ip_compiled_libs -force -quiet
exit
INFO: [Common 17-206] Exiting Vivado at Tue Mar 13 15:39:33 2018...
