Copyright 1986-2017 Xilinx, Inc. All Rights Reserved.
-----------------------------------------------------------------------------------------------------------------------------------------
| Tool Version : Vivado v.2017.4 (win64) Build 2139404 Wed Feb 21 18:47:47 MST 2018
| Date         : Fri Mar 30 09:40:54 2018
| Host         : XBEDEFOSSEZ31 running 64-bit major release  (build 9200)
| Command      : report_utilization -file TxRx_5x2_7to1_Appslevel_utilization_synth.rpt -pb TxRx_5x2_7to1_Appslevel_utilization_synth.pb
| Design       : TxRx_5x2_7to1_Appslevel
| Device       : 7k325tffg900-2
| Design State : Synthesized
-----------------------------------------------------------------------------------------------------------------------------------------

Utilization Design Information

Table of Contents
-----------------
1. Slice Logic
1.1 Summary of Registers by Type
2. Memory
3. DSP
4. IO and GT Specific
5. Clocking
6. Specific Feature
7. Primitives
8. Black Boxes
9. Instantiated Netlists

1. Slice Logic
--------------

+----------------------------+------+-------+-----------+-------+
|          Site Type         | Used | Fixed | Available | Util% |
+----------------------------+------+-------+-----------+-------+
| Slice LUTs*                | 2435 |     0 |    203800 |  1.19 |
|   LUT as Logic             | 2315 |     0 |    203800 |  1.14 |
|   LUT as Memory            |  120 |     0 |     64000 |  0.19 |
|     LUT as Distributed RAM |  120 |     0 |           |       |
|     LUT as Shift Register  |    0 |     0 |           |       |
| Slice Registers            | 3893 |     0 |    407600 |  0.96 |
|   Register as Flip Flop    | 3893 |     0 |    407600 |  0.96 |
|   Register as Latch        |    0 |     0 |    407600 |  0.00 |
| F7 Muxes                   |    0 |     0 |    101900 |  0.00 |
| F8 Muxes                   |    0 |     0 |     50950 |  0.00 |
+----------------------------+------+-------+-----------+-------+
* Warning! The Final LUT count, after physical optimizations and full implementation, is typically lower. Run opt_design after synthesis, if not already completed, for a more realistic count.


1.1 Summary of Registers by Type
--------------------------------

+-------+--------------+-------------+--------------+
| Total | Clock Enable | Synchronous | Asynchronous |
+-------+--------------+-------------+--------------+
| 0     |            _ |           - |            - |
| 0     |            _ |           - |          Set |
| 0     |            _ |           - |        Reset |
| 0     |            _ |         Set |            - |
| 0     |            _ |       Reset |            - |
| 0     |          Yes |           - |            - |
| 3     |          Yes |           - |          Set |
| 10    |          Yes |           - |        Reset |
| 50    |          Yes |         Set |            - |
| 3830  |          Yes |       Reset |            - |
+-------+--------------+-------------+--------------+


2. Memory
---------

+-------------------+------+-------+-----------+-------+
|     Site Type     | Used | Fixed | Available | Util% |
+-------------------+------+-------+-----------+-------+
| Block RAM Tile    |    1 |     0 |       445 |  0.22 |
|   RAMB36/FIFO*    |    1 |     0 |       445 |  0.22 |
|     RAMB36E1 only |    1 |       |           |       |
|   RAMB18          |    0 |     0 |       890 |  0.00 |
+-------------------+------+-------+-----------+-------+
* Note: Each Block RAM Tile only has one FIFO logic available and therefore can accommodate only one FIFO36E1 or one FIFO18E1. However, if a FIFO18E1 occupies a Block RAM Tile, that tile can still accommodate a RAMB18E1


3. DSP
------

+-----------+------+-------+-----------+-------+
| Site Type | Used | Fixed | Available | Util% |
+-----------+------+-------+-----------+-------+
| DSPs      |    0 |     0 |       840 |  0.00 |
+-----------+------+-------+-----------+-------+


4. IO and GT Specific
---------------------

+-----------------------------+------+-------+-----------+-------+
|          Site Type          | Used | Fixed | Available | Util% |
+-----------------------------+------+-------+-----------+-------+
| Bonded IOB                  |   57 |     0 |       500 | 11.40 |
| Bonded IPADs                |    0 |     0 |        50 |  0.00 |
| Bonded OPADs                |    0 |     0 |        32 |  0.00 |
| PHY_CONTROL                 |    0 |     0 |        10 |  0.00 |
| PHASER_REF                  |    0 |     0 |        10 |  0.00 |
| OUT_FIFO                    |    0 |     0 |        40 |  0.00 |
| IN_FIFO                     |    0 |     0 |        40 |  0.00 |
| IDELAYCTRL                  |    1 |     0 |        10 | 10.00 |
| IBUFDS                      |   25 |     0 |       480 |  5.21 |
| GTXE2_COMMON                |    0 |     0 |         4 |  0.00 |
| GTXE2_CHANNEL               |    0 |     0 |        16 |  0.00 |
| PHASER_OUT/PHASER_OUT_PHY   |    0 |     0 |        40 |  0.00 |
| PHASER_IN/PHASER_IN_PHY     |    0 |     0 |        40 |  0.00 |
| IDELAYE2/IDELAYE2_FINEDELAY |   23 |     0 |       500 |  4.60 |
|   IDELAYE2 only             |   23 |     0 |           |       |
| ODELAYE2/ODELAYE2_FINEDELAY |    0 |     0 |       150 |  0.00 |
| IBUFDS_GTE2                 |    0 |     0 |         8 |  0.00 |
| ILOGIC                      |   22 |     0 |       500 |  4.40 |
|   ISERDES                   |   22 |       |           |       |
| OLOGIC                      |   25 |     0 |       500 |  5.00 |
|   OSERDES                   |   24 |       |           |       |
|   ODDR                      |    1 |       |           |       |
+-----------------------------+------+-------+-----------+-------+


5. Clocking
-----------

+------------+------+-------+-----------+-------+
|  Site Type | Used | Fixed | Available | Util% |
+------------+------+-------+-----------+-------+
| BUFGCTRL   |    8 |     0 |        32 | 25.00 |
| BUFIO      |    0 |     0 |        40 |  0.00 |
| MMCME2_ADV |    2 |     0 |        10 | 20.00 |
| PLLE2_ADV  |    0 |     0 |        10 |  0.00 |
| BUFMRCE    |    0 |     0 |        20 |  0.00 |
| BUFHCE     |    0 |     0 |       168 |  0.00 |
| BUFR       |    1 |     0 |        40 |  2.50 |
+------------+------+-------+-----------+-------+


6. Specific Feature
-------------------

+-------------+------+-------+-----------+-------+
|  Site Type  | Used | Fixed | Available | Util% |
+-------------+------+-------+-----------+-------+
| BSCANE2     |    1 |     0 |         4 | 25.00 |
| CAPTUREE2   |    0 |     0 |         1 |  0.00 |
| DNA_PORT    |    0 |     0 |         1 |  0.00 |
| EFUSE_USR   |    0 |     0 |         1 |  0.00 |
| FRAME_ECCE2 |    0 |     0 |         1 |  0.00 |
| ICAPE2      |    0 |     0 |         2 |  0.00 |
| PCIE_2_1    |    0 |     0 |         1 |  0.00 |
| STARTUPE2   |    0 |     0 |         1 |  0.00 |
| XADC        |    0 |     0 |         1 |  0.00 |
+-------------+------+-------+-----------+-------+


7. Primitives
-------------

+------------+------+---------------------+
|  Ref Name  | Used | Functional Category |
+------------+------+---------------------+
| FDRE       | 3830 |        Flop & Latch |
| LUT5       |  898 |                 LUT |
| LUT6       |  713 |                 LUT |
| LUT3       |  484 |                 LUT |
| LUT2       |  456 |                 LUT |
| LUT4       |  364 |                 LUT |
| LUT1       |  203 |                 LUT |
| RAMD32     |  168 |  Distributed Memory |
| RAMS32     |   56 |  Distributed Memory |
| FDSE       |   50 |        Flop & Latch |
| OBUFDS     |   25 |                  IO |
| IBUFDS     |   25 |                  IO |
| OSERDESE2  |   24 |                  IO |
| IDELAYE2   |   23 |                  IO |
| ISERDESE2  |   22 |                  IO |
| CARRY4     |   16 |          CarryLogic |
| INV        |   12 |                 LUT |
| FDCE       |   10 |        Flop & Latch |
| RAMD64E    |    8 |  Distributed Memory |
| BUFG       |    8 |               Clock |
| FDPE       |    3 |        Flop & Latch |
| OBUFT      |    2 |                  IO |
| MMCME2_ADV |    2 |               Clock |
| IBUF       |    2 |                  IO |
| RAMB36E1   |    1 |        Block Memory |
| ODDR       |    1 |                  IO |
| OBUF       |    1 |                  IO |
| IDELAYCTRL |    1 |                  IO |
| BUFR       |    1 |               Clock |
| BSCANE2    |    1 |              Others |
+------------+------+---------------------+


8. Black Boxes
--------------

+----------+------+
| Ref Name | Used |
+----------+------+
| Ctrl_Vio |    1 |
| Ctrl_Ila |    1 |
+----------+------+


9. Instantiated Netlists
------------------------

+----------+------+
| Ref Name | Used |
+----------+------+


